{"/Users/nicolasmaldiney/fragmentsCleanFront/app/adapters/secondary/gateways/fake/fakeLikesWlGateway.ts": {"path":"/Users/nicolasmaldiney/fragmentsCleanFront/app/adapters/secondary/gateways/fake/fakeLikesWlGateway.ts","statementMap":{"0":{"start":{"line":3,"column":18},"end":{"line":3,"column":23}},"1":{"start":{"line":4,"column":18},"end":{"line":4,"column":23}},"2":{"start":{"line":5,"column":21},"end":{"line":5,"column":26}},"3":{"start":{"line":9,"column":17},"end":{"line":9,"column":21}},"4":{"start":{"line":12,"column":8},"end":{"line":12,"column":66}},"5":{"start":{"line":12,"column":30},"end":{"line":12,"column":66}},"6":{"start":{"line":13,"column":8},"end":{"line":20,"column":10}},"7":{"start":{"line":24,"column":8},"end":{"line":24,"column":66}},"8":{"start":{"line":24,"column":30},"end":{"line":24,"column":66}},"9":{"start":{"line":28,"column":8},"end":{"line":28,"column":72}},"10":{"start":{"line":28,"column":33},"end":{"line":28,"column":72}},"11":{"start":{"line":33,"column":21},"end":{"line":33,"column":69}},"12":{"start":{"line":33,"column":27},"end":{"line":33,"column":69}},"13":{"start":{"line":33,"column":52},"end":{"line":33,"column":68}}},"fnMap":{"0":{"name":"(anonymous_0)","decl":{"start":{"line":11,"column":4},"end":{"line":11,"column":5}},"loc":{"start":{"line":11,"column":50},"end":{"line":21,"column":5}},"line":11},"1":{"name":"(anonymous_1)","decl":{"start":{"line":23,"column":4},"end":{"line":23,"column":5}},"loc":{"start":{"line":23,"column":70},"end":{"line":25,"column":5}},"line":23},"2":{"name":"(anonymous_2)","decl":{"start":{"line":27,"column":4},"end":{"line":27,"column":5}},"loc":{"start":{"line":27,"column":73},"end":{"line":29,"column":5}},"line":27},"3":{"name":"(anonymous_3)","decl":{"start":{"line":33,"column":21},"end":{"line":33,"column":22}},"loc":{"start":{"line":33,"column":27},"end":{"line":33,"column":69}},"line":33},"4":{"name":"(anonymous_4)","decl":{"start":{"line":33,"column":45},"end":{"line":33,"column":46}},"loc":{"start":{"line":33,"column":52},"end":{"line":33,"column":68}},"line":33}},"branchMap":{"0":{"loc":{"start":{"line":12,"column":8},"end":{"line":12,"column":66}},"type":"if","locations":[{"start":{"line":12,"column":8},"end":{"line":12,"column":66}},{"start":{},"end":{}}],"line":12},"1":{"loc":{"start":{"line":14,"column":12},"end":{"line":19,"column":13}},"type":"binary-expr","locations":[{"start":{"line":14,"column":12},"end":{"line":14,"column":32}},{"start":{"line":14,"column":36},"end":{"line":19,"column":13}}],"line":14},"2":{"loc":{"start":{"line":24,"column":8},"end":{"line":24,"column":66}},"type":"if","locations":[{"start":{"line":24,"column":8},"end":{"line":24,"column":66}},{"start":{},"end":{}}],"line":24},"3":{"loc":{"start":{"line":28,"column":8},"end":{"line":28,"column":72}},"type":"if","locations":[{"start":{"line":28,"column":8},"end":{"line":28,"column":72}},{"start":{},"end":{}}],"line":28}},"s":{"0":4,"1":4,"2":4,"3":4,"4":2,"5":1,"6":1,"7":0,"8":0,"9":0,"10":0,"11":3,"12":2,"13":2},"f":{"0":2,"1":0,"2":0,"3":2,"4":2},"b":{"0":[1,1],"1":[1,0],"2":[0,0],"3":[0,0]},"_coverageSchema":"1a1c01bbd47fc00a2c39e90264f33305004495a9","hash":"3f2840d29dbedf5e39b3c92790f939b34c89e1f1"}
,"/Users/nicolasmaldiney/fragmentsCleanFront/app/contextWL/commentWl/reducer/commentWl.reducer.ts": {"path":"/Users/nicolasmaldiney/fragmentsCleanFront/app/contextWL/commentWl/reducer/commentWl.reducer.ts","statementMap":{"0":{"start":{"line":20,"column":16},"end":{"line":22,"column":2}},"1":{"start":{"line":21,"column":28},"end":{"line":21,"column":66}},"2":{"start":{"line":24,"column":44},"end":{"line":27,"column":1}},"3":{"start":{"line":29,"column":19},"end":{"line":36,"column":1}},"4":{"start":{"line":30,"column":4},"end":{"line":35,"column":7}},"5":{"start":{"line":38,"column":26},"end":{"line":41,"column":1}},"6":{"start":{"line":39,"column":17},"end":{"line":39,"column":29}},"7":{"start":{"line":40,"column":4},"end":{"line":40,"column":76}},"8":{"start":{"line":40,"column":26},"end":{"line":40,"column":76}},"9":{"start":{"line":40,"column":47},"end":{"line":40,"column":60}},"10":{"start":{"line":40,"column":61},"end":{"line":40,"column":74}},"11":{"start":{"line":43,"column":27},"end":{"line":49,"column":1}},"12":{"start":{"line":44,"column":17},"end":{"line":44,"column":29}},"13":{"start":{"line":45,"column":4},"end":{"line":48,"column":5}},"14":{"start":{"line":45,"column":17},"end":{"line":45,"column":31}},"15":{"start":{"line":46,"column":19},"end":{"line":46,"column":25}},"16":{"start":{"line":47,"column":8},"end":{"line":47,"column":61}},"17":{"start":{"line":47,"column":29},"end":{"line":47,"column":45}},"18":{"start":{"line":47,"column":46},"end":{"line":47,"column":59}},"19":{"start":{"line":51,"column":32},"end":{"line":234,"column":6}},"20":{"start":{"line":54,"column":8},"end":{"line":232,"column":14}},"21":{"start":{"line":56,"column":26},"end":{"line":56,"column":47}},"22":{"start":{"line":58,"column":16},"end":{"line":58,"column":50}},"23":{"start":{"line":60,"column":26},"end":{"line":60,"column":55}},"24":{"start":{"line":62,"column":16},"end":{"line":62,"column":50}},"25":{"start":{"line":64,"column":16},"end":{"line":67,"column":17}},"26":{"start":{"line":65,"column":35},"end":{"line":65,"column":70}},"27":{"start":{"line":66,"column":20},"end":{"line":66,"column":55}},"28":{"start":{"line":66,"column":32},"end":{"line":66,"column":55}},"29":{"start":{"line":68,"column":16},"end":{"line":68,"column":22}},"30":{"start":{"line":71,"column":63},"end":{"line":71,"column":77}},"31":{"start":{"line":72,"column":28},"end":{"line":72,"column":62}},"32":{"start":{"line":73,"column":16},"end":{"line":73,"column":33}},"33":{"start":{"line":73,"column":26},"end":{"line":73,"column":33}},"34":{"start":{"line":74,"column":16},"end":{"line":81,"column":19}},"35":{"start":{"line":84,"column":55},"end":{"line":84,"column":69}},"36":{"start":{"line":85,"column":26},"end":{"line":85,"column":60}},"37":{"start":{"line":86,"column":16},"end":{"line":86,"column":31}},"38":{"start":{"line":86,"column":24},"end":{"line":86,"column":31}},"39":{"start":{"line":90,"column":16},"end":{"line":99,"column":19}},"40":{"start":{"line":102,"column":43},"end":{"line":102,"column":57}},"41":{"start":{"line":103,"column":29},"end":{"line":103,"column":60}},"42":{"start":{"line":104,"column":16},"end":{"line":104,"column":34}},"43":{"start":{"line":104,"column":27},"end":{"line":104,"column":34}},"44":{"start":{"line":106,"column":47},"end":{"line":106,"column":51}},"45":{"start":{"line":108,"column":16},"end":{"line":108,"column":58}},"46":{"start":{"line":109,"column":16},"end":{"line":115,"column":19}},"47":{"start":{"line":117,"column":26},"end":{"line":117,"column":50}},"48":{"start":{"line":118,"column":16},"end":{"line":120,"column":17}},"49":{"start":{"line":119,"column":20},"end":{"line":119,"column":105}},"50":{"start":{"line":119,"column":33},"end":{"line":119,"column":34}},"51":{"start":{"line":119,"column":59},"end":{"line":119,"column":105}},"52":{"start":{"line":119,"column":84},"end":{"line":119,"column":105}},"53":{"start":{"line":123,"column":46},"end":{"line":123,"column":60}},"54":{"start":{"line":124,"column":28},"end":{"line":124,"column":62}},"55":{"start":{"line":125,"column":16},"end":{"line":125,"column":33}},"56":{"start":{"line":125,"column":26},"end":{"line":125,"column":33}},"57":{"start":{"line":126,"column":16},"end":{"line":134,"column":19}},"58":{"start":{"line":137,"column":26},"end":{"line":137,"column":60}},"59":{"start":{"line":138,"column":16},"end":{"line":138,"column":31}},"60":{"start":{"line":138,"column":24},"end":{"line":138,"column":31}},"61":{"start":{"line":140,"column":16},"end":{"line":149,"column":19}},"62":{"start":{"line":152,"column":26},"end":{"line":152,"column":60}},"63":{"start":{"line":153,"column":16},"end":{"line":153,"column":31}},"64":{"start":{"line":153,"column":24},"end":{"line":153,"column":31}},"65":{"start":{"line":155,"column":16},"end":{"line":164,"column":19}},"66":{"start":{"line":167,"column":55},"end":{"line":167,"column":69}},"67":{"start":{"line":168,"column":16},"end":{"line":168,"column":58}},"68":{"start":{"line":169,"column":26},"end":{"line":169,"column":50}},"69":{"start":{"line":170,"column":16},"end":{"line":170,"column":67}},"70":{"start":{"line":170,"column":23},"end":{"line":170,"column":67}},"71":{"start":{"line":170,"column":52},"end":{"line":170,"column":65}},"72":{"start":{"line":171,"column":16},"end":{"line":174,"column":17}},"73":{"start":{"line":172,"column":35},"end":{"line":172,"column":68}},"74":{"start":{"line":173,"column":20},"end":{"line":173,"column":80}},"75":{"start":{"line":173,"column":57},"end":{"line":173,"column":80}},"76":{"start":{"line":177,"column":61},"end":{"line":177,"column":75}},"77":{"start":{"line":178,"column":28},"end":{"line":178,"column":62}},"78":{"start":{"line":179,"column":16},"end":{"line":179,"column":33}},"79":{"start":{"line":179,"column":26},"end":{"line":179,"column":33}},"80":{"start":{"line":180,"column":16},"end":{"line":187,"column":19}},"81":{"start":{"line":190,"column":35},"end":{"line":190,"column":49}},"82":{"start":{"line":191,"column":26},"end":{"line":191,"column":53}},"83":{"start":{"line":192,"column":16},"end":{"line":192,"column":50}},"84":{"start":{"line":193,"column":16},"end":{"line":193,"column":36}},"85":{"start":{"line":196,"column":84},"end":{"line":196,"column":98}},"86":{"start":{"line":198,"column":16},"end":{"line":198,"column":58}},"87":{"start":{"line":200,"column":26},"end":{"line":200,"column":53}},"88":{"start":{"line":202,"column":31},"end":{"line":202,"column":53}},"89":{"start":{"line":202,"column":48},"end":{"line":202,"column":52}},"90":{"start":{"line":203,"column":45},"end":{"line":205,"column":35}},"91":{"start":{"line":204,"column":33},"end":{"line":204,"column":56}},"92":{"start":{"line":205,"column":30},"end":{"line":205,"column":34}},"93":{"start":{"line":207,"column":16},"end":{"line":219,"column":17}},"94":{"start":{"line":209,"column":20},"end":{"line":209,"column":31}},"95":{"start":{"line":210,"column":20},"end":{"line":210,"column":67}},"96":{"start":{"line":211,"column":20},"end":{"line":211,"column":44}},"97":{"start":{"line":212,"column":23},"end":{"line":219,"column":17}},"98":{"start":{"line":214,"column":20},"end":{"line":214,"column":67}},"99":{"start":{"line":215,"column":23},"end":{"line":219,"column":17}},"100":{"start":{"line":217,"column":20},"end":{"line":217,"column":68}},"101":{"start":{"line":218,"column":20},"end":{"line":218,"column":58}},"102":{"start":{"line":218,"column":36},"end":{"line":218,"column":58}},"103":{"start":{"line":221,"column":16},"end":{"line":221,"column":58}},"104":{"start":{"line":222,"column":16},"end":{"line":222,"column":58}},"105":{"start":{"line":223,"column":16},"end":{"line":223,"column":50}},"106":{"start":{"line":224,"column":16},"end":{"line":224,"column":36}},"107":{"start":{"line":225,"column":16},"end":{"line":225,"column":59}},"108":{"start":{"line":228,"column":46},"end":{"line":228,"column":60}},"109":{"start":{"line":229,"column":26},"end":{"line":229,"column":53}},"110":{"start":{"line":230,"column":16},"end":{"line":230,"column":48}},"111":{"start":{"line":231,"column":16},"end":{"line":231,"column":32}}},"fnMap":{"0":{"name":"(anonymous_0)","decl":{"start":{"line":21,"column":18},"end":{"line":21,"column":19}},"loc":{"start":{"line":21,"column":28},"end":{"line":21,"column":66}},"line":21},"1":{"name":"(anonymous_1)","decl":{"start":{"line":29,"column":19},"end":{"line":29,"column":20}},"loc":{"start":{"line":29,"column":71},"end":{"line":36,"column":1}},"line":29},"2":{"name":"(anonymous_2)","decl":{"start":{"line":38,"column":26},"end":{"line":38,"column":27}},"loc":{"start":{"line":38,"column":60},"end":{"line":41,"column":1}},"line":38},"3":{"name":"(anonymous_3)","decl":{"start":{"line":43,"column":27},"end":{"line":43,"column":28}},"loc":{"start":{"line":43,"column":61},"end":{"line":49,"column":1}},"line":43},"4":{"name":"(anonymous_4)","decl":{"start":{"line":53,"column":4},"end":{"line":53,"column":5}},"loc":{"start":{"line":53,"column":17},"end":{"line":234,"column":5}},"line":53},"5":{"name":"(anonymous_5)","decl":{"start":{"line":55,"column":42},"end":{"line":55,"column":43}},"loc":{"start":{"line":55,"column":61},"end":{"line":69,"column":13}},"line":55},"6":{"name":"(anonymous_6)","decl":{"start":{"line":70,"column":45},"end":{"line":70,"column":46}},"loc":{"start":{"line":70,"column":63},"end":{"line":82,"column":13}},"line":70},"7":{"name":"(anonymous_7)","decl":{"start":{"line":83,"column":45},"end":{"line":83,"column":46}},"loc":{"start":{"line":83,"column":63},"end":{"line":100,"column":13}},"line":83},"8":{"name":"(anonymous_8)","decl":{"start":{"line":101,"column":38},"end":{"line":101,"column":39}},"loc":{"start":{"line":101,"column":57},"end":{"line":121,"column":13}},"line":101},"9":{"name":"(anonymous_9)","decl":{"start":{"line":122,"column":39},"end":{"line":122,"column":40}},"loc":{"start":{"line":122,"column":57},"end":{"line":135,"column":13}},"line":122},"10":{"name":"(anonymous_10)","decl":{"start":{"line":136,"column":39},"end":{"line":136,"column":40}},"loc":{"start":{"line":136,"column":86},"end":{"line":150,"column":13}},"line":136},"11":{"name":"(anonymous_11)","decl":{"start":{"line":151,"column":37},"end":{"line":151,"column":38}},"loc":{"start":{"line":151,"column":114},"end":{"line":165,"column":13}},"line":151},"12":{"name":"(anonymous_12)","decl":{"start":{"line":166,"column":36},"end":{"line":166,"column":37}},"loc":{"start":{"line":166,"column":53},"end":{"line":175,"column":13}},"line":166},"13":{"name":"(anonymous_13)","decl":{"start":{"line":170,"column":44},"end":{"line":170,"column":45}},"loc":{"start":{"line":170,"column":52},"end":{"line":170,"column":65}},"line":170},"14":{"name":"(anonymous_14)","decl":{"start":{"line":176,"column":36},"end":{"line":176,"column":37}},"loc":{"start":{"line":176,"column":53},"end":{"line":188,"column":13}},"line":176},"15":{"name":"(anonymous_15)","decl":{"start":{"line":189,"column":46},"end":{"line":189,"column":47}},"loc":{"start":{"line":189,"column":65},"end":{"line":194,"column":13}},"line":189},"16":{"name":"(anonymous_16)","decl":{"start":{"line":195,"column":39},"end":{"line":195,"column":40}},"loc":{"start":{"line":195,"column":57},"end":{"line":226,"column":13}},"line":195},"17":{"name":"(anonymous_17)","decl":{"start":{"line":202,"column":41},"end":{"line":202,"column":42}},"loc":{"start":{"line":202,"column":48},"end":{"line":202,"column":52}},"line":202},"18":{"name":"(anonymous_18)","decl":{"start":{"line":204,"column":28},"end":{"line":204,"column":29}},"loc":{"start":{"line":204,"column":33},"end":{"line":204,"column":56}},"line":204},"19":{"name":"(anonymous_19)","decl":{"start":{"line":205,"column":25},"end":{"line":205,"column":26}},"loc":{"start":{"line":205,"column":30},"end":{"line":205,"column":34}},"line":205},"20":{"name":"(anonymous_20)","decl":{"start":{"line":227,"column":45},"end":{"line":227,"column":46}},"loc":{"start":{"line":227,"column":64},"end":{"line":232,"column":13}},"line":227}},"branchMap":{"0":{"loc":{"start":{"line":40,"column":26},"end":{"line":40,"column":76}},"type":"if","locations":[{"start":{"line":40,"column":26},"end":{"line":40,"column":76}},{"start":{},"end":{}}],"line":40},"1":{"loc":{"start":{"line":47,"column":8},"end":{"line":47,"column":61}},"type":"if","locations":[{"start":{"line":47,"column":8},"end":{"line":47,"column":61}},{"start":{},"end":{}}],"line":47},"2":{"loc":{"start":{"line":64,"column":16},"end":{"line":67,"column":17}},"type":"if","locations":[{"start":{"line":64,"column":16},"end":{"line":67,"column":17}},{"start":{},"end":{}}],"line":64},"3":{"loc":{"start":{"line":66,"column":20},"end":{"line":66,"column":55}},"type":"if","locations":[{"start":{"line":66,"column":20},"end":{"line":66,"column":55}},{"start":{},"end":{}}],"line":66},"4":{"loc":{"start":{"line":73,"column":16},"end":{"line":73,"column":33}},"type":"if","locations":[{"start":{"line":73,"column":16},"end":{"line":73,"column":33}},{"start":{},"end":{}}],"line":73},"5":{"loc":{"start":{"line":86,"column":16},"end":{"line":86,"column":31}},"type":"if","locations":[{"start":{"line":86,"column":16},"end":{"line":86,"column":31}},{"start":{},"end":{}}],"line":86},"6":{"loc":{"start":{"line":104,"column":16},"end":{"line":104,"column":34}},"type":"if","locations":[{"start":{"line":104,"column":16},"end":{"line":104,"column":34}},{"start":{},"end":{}}],"line":104},"7":{"loc":{"start":{"line":118,"column":16},"end":{"line":120,"column":17}},"type":"if","locations":[{"start":{"line":118,"column":16},"end":{"line":120,"column":17}},{"start":{},"end":{}}],"line":118},"8":{"loc":{"start":{"line":119,"column":59},"end":{"line":119,"column":105}},"type":"if","locations":[{"start":{"line":119,"column":59},"end":{"line":119,"column":105}},{"start":{},"end":{}}],"line":119},"9":{"loc":{"start":{"line":125,"column":16},"end":{"line":125,"column":33}},"type":"if","locations":[{"start":{"line":125,"column":16},"end":{"line":125,"column":33}},{"start":{},"end":{}}],"line":125},"10":{"loc":{"start":{"line":129,"column":30},"end":{"line":129,"column":53}},"type":"binary-expr","locations":[{"start":{"line":129,"column":30},"end":{"line":129,"column":41}},{"start":{"line":129,"column":45},"end":{"line":129,"column":53}}],"line":129},"11":{"loc":{"start":{"line":138,"column":16},"end":{"line":138,"column":31}},"type":"if","locations":[{"start":{"line":138,"column":16},"end":{"line":138,"column":31}},{"start":{},"end":{}}],"line":138},"12":{"loc":{"start":{"line":153,"column":16},"end":{"line":153,"column":31}},"type":"if","locations":[{"start":{"line":153,"column":16},"end":{"line":153,"column":31}},{"start":{},"end":{}}],"line":153},"13":{"loc":{"start":{"line":159,"column":33},"end":{"line":159,"column":57}},"type":"binary-expr","locations":[{"start":{"line":159,"column":33},"end":{"line":159,"column":44}},{"start":{"line":159,"column":48},"end":{"line":159,"column":57}}],"line":159},"14":{"loc":{"start":{"line":162,"column":36},"end":{"line":162,"column":96}},"type":"cond-expr","locations":[{"start":{"line":162,"column":70},"end":{"line":162,"column":81}},{"start":{"line":162,"column":84},"end":{"line":162,"column":96}}],"line":162},"15":{"loc":{"start":{"line":170,"column":16},"end":{"line":170,"column":67}},"type":"if","locations":[{"start":{"line":170,"column":16},"end":{"line":170,"column":67}},{"start":{},"end":{}}],"line":170},"16":{"loc":{"start":{"line":171,"column":16},"end":{"line":174,"column":17}},"type":"if","locations":[{"start":{"line":171,"column":16},"end":{"line":174,"column":17}},{"start":{},"end":{}}],"line":171},"17":{"loc":{"start":{"line":173,"column":20},"end":{"line":173,"column":80}},"type":"if","locations":[{"start":{"line":173,"column":20},"end":{"line":173,"column":80}},{"start":{},"end":{}}],"line":173},"18":{"loc":{"start":{"line":173,"column":24},"end":{"line":173,"column":55}},"type":"binary-expr","locations":[{"start":{"line":173,"column":24},"end":{"line":173,"column":30}},{"start":{"line":173,"column":34},"end":{"line":173,"column":55}}],"line":173},"19":{"loc":{"start":{"line":179,"column":16},"end":{"line":179,"column":33}},"type":"if","locations":[{"start":{"line":179,"column":16},"end":{"line":179,"column":33}},{"start":{},"end":{}}],"line":179},"20":{"loc":{"start":{"line":184,"column":33},"end":{"line":184,"column":59}},"type":"binary-expr","locations":[{"start":{"line":184,"column":33},"end":{"line":184,"column":44}},{"start":{"line":184,"column":48},"end":{"line":184,"column":59}}],"line":184},"21":{"loc":{"start":{"line":207,"column":16},"end":{"line":219,"column":17}},"type":"if","locations":[{"start":{"line":207,"column":16},"end":{"line":219,"column":17}},{"start":{"line":212,"column":23},"end":{"line":219,"column":17}}],"line":207},"22":{"loc":{"start":{"line":212,"column":23},"end":{"line":219,"column":17}},"type":"if","locations":[{"start":{"line":212,"column":23},"end":{"line":219,"column":17}},{"start":{"line":215,"column":23},"end":{"line":219,"column":17}}],"line":212},"23":{"loc":{"start":{"line":215,"column":23},"end":{"line":219,"column":17}},"type":"if","locations":[{"start":{"line":215,"column":23},"end":{"line":219,"column":17}},{"start":{},"end":{}}],"line":215},"24":{"loc":{"start":{"line":218,"column":20},"end":{"line":218,"column":58}},"type":"if","locations":[{"start":{"line":218,"column":20},"end":{"line":218,"column":58}},{"start":{},"end":{}}],"line":218},"25":{"loc":{"start":{"line":221,"column":31},"end":{"line":221,"column":57}},"type":"binary-expr","locations":[{"start":{"line":221,"column":31},"end":{"line":221,"column":41}},{"start":{"line":221,"column":45},"end":{"line":221,"column":57}}],"line":221},"26":{"loc":{"start":{"line":222,"column":31},"end":{"line":222,"column":57}},"type":"binary-expr","locations":[{"start":{"line":222,"column":31},"end":{"line":222,"column":41}},{"start":{"line":222,"column":45},"end":{"line":222,"column":57}}],"line":222}},"s":{"0":3,"1":0,"2":3,"3":3,"4":0,"5":3,"6":0,"7":0,"8":0,"9":0,"10":0,"11":3,"12":0,"13":0,"14":0,"15":0,"16":0,"17":0,"18":0,"19":3,"20":3,"21":0,"22":0,"23":0,"24":0,"25":0,"26":0,"27":0,"28":0,"29":0,"30":0,"31":0,"32":0,"33":0,"34":0,"35":0,"36":0,"37":0,"38":0,"39":0,"40":0,"41":0,"42":0,"43":0,"44":0,"45":0,"46":0,"47":0,"48":0,"49":0,"50":0,"51":0,"52":0,"53":0,"54":0,"55":0,"56":0,"57":0,"58":0,"59":0,"60":0,"61":0,"62":0,"63":0,"64":0,"65":0,"66":0,"67":0,"68":0,"69":0,"70":0,"71":0,"72":0,"73":0,"74":0,"75":0,"76":0,"77":0,"78":0,"79":0,"80":0,"81":0,"82":0,"83":0,"84":0,"85":0,"86":0,"87":0,"88":0,"89":0,"90":0,"91":0,"92":0,"93":0,"94":0,"95":0,"96":0,"97":0,"98":0,"99":0,"100":0,"101":0,"102":0,"103":0,"104":0,"105":0,"106":0,"107":0,"108":0,"109":0,"110":0,"111":0},"f":{"0":0,"1":0,"2":0,"3":0,"4":3,"5":0,"6":0,"7":0,"8":0,"9":0,"10":0,"11":0,"12":0,"13":0,"14":0,"15":0,"16":0,"17":0,"18":0,"19":0,"20":0},"b":{"0":[0,0],"1":[0,0],"2":[0,0],"3":[0,0],"4":[0,0],"5":[0,0],"6":[0,0],"7":[0,0],"8":[0,0],"9":[0,0],"10":[0,0],"11":[0,0],"12":[0,0],"13":[0,0],"14":[0,0],"15":[0,0],"16":[0,0],"17":[0,0],"18":[0,0],"19":[0,0],"20":[0,0],"21":[0,0],"22":[0,0],"23":[0,0],"24":[0,0],"25":[0,0],"26":[0,0]},"_coverageSchema":"1a1c01bbd47fc00a2c39e90264f33305004495a9","hash":"73105398549faf4d2f3b8ea4537805b3003a7da5"}
,"/Users/nicolasmaldiney/fragmentsCleanFront/app/contextWL/commentWl/type/commentWl.type.ts": {"path":"/Users/nicolasmaldiney/fragmentsCleanFront/app/contextWL/commentWl/type/commentWl.type.ts","statementMap":{"0":{"start":{"line":54,"column":29},"end":{"line":59,"column":10}},"1":{"start":{"line":63,"column":31},"end":{"line":68,"column":10}},"2":{"start":{"line":72,"column":23},"end":{"line":76,"column":10}}},"fnMap":{},"branchMap":{},"s":{"0":3,"1":3,"2":3},"f":{},"b":{},"_coverageSchema":"1a1c01bbd47fc00a2c39e90264f33305004495a9","hash":"6615873f13879d74a29ae5bdec98b4a982c6f9ab"}
,"/Users/nicolasmaldiney/fragmentsCleanFront/app/contextWL/commentWl/usecases/read/ackReceivedBySocket.ts": {"path":"/Users/nicolasmaldiney/fragmentsCleanFront/app/contextWL/commentWl/usecases/read/ackReceivedBySocket.ts","statementMap":{"0":{"start":{"line":6,"column":35},"end":{"line":6,"column":185}},"1":{"start":{"line":7,"column":35},"end":{"line":7,"column":192}},"2":{"start":{"line":8,"column":35},"end":{"line":8,"column":178}},"3":{"start":{"line":9,"column":32},"end":{"line":9,"column":158}},"4":{"start":{"line":10,"column":32},"end":{"line":10,"column":144}},"5":{"start":{"line":12,"column":32},"end":{"line":13,"column":43}},"6":{"start":{"line":13,"column":4},"end":{"line":13,"column":43}},"7":{"start":{"line":15,"column":35},"end":{"line":62,"column":1}},"8":{"start":{"line":16,"column":39},"end":{"line":16,"column":65}},"9":{"start":{"line":17,"column":21},"end":{"line":17,"column":112}},"10":{"start":{"line":18,"column":4},"end":{"line":35,"column":6}},"11":{"start":{"line":22,"column":50},"end":{"line":22,"column":64}},"12":{"start":{"line":23,"column":29},"end":{"line":23,"column":83}},"13":{"start":{"line":25,"column":12},"end":{"line":30,"column":13}},"14":{"start":{"line":26,"column":16},"end":{"line":26,"column":64}},"15":{"start":{"line":27,"column":16},"end":{"line":27,"column":61}},"16":{"start":{"line":29,"column":16},"end":{"line":29,"column":66}},"17":{"start":{"line":31,"column":12},"end":{"line":33,"column":13}},"18":{"start":{"line":32,"column":16},"end":{"line":32,"column":27}},"19":{"start":{"line":36,"column":4},"end":{"line":50,"column":6}},"20":{"start":{"line":40,"column":53},"end":{"line":40,"column":67}},"21":{"start":{"line":42,"column":12},"end":{"line":42,"column":66}},"22":{"start":{"line":44,"column":29},"end":{"line":44,"column":79}},"23":{"start":{"line":45,"column":12},"end":{"line":45,"column":72}},"24":{"start":{"line":45,"column":26},"end":{"line":45,"column":72}},"25":{"start":{"line":46,"column":12},"end":{"line":48,"column":13}},"26":{"start":{"line":47,"column":16},"end":{"line":47,"column":27}},"27":{"start":{"line":51,"column":4},"end":{"line":59,"column":7}},"28":{"start":{"line":54,"column":12},"end":{"line":54,"column":66}},"29":{"start":{"line":56,"column":16},"end":{"line":56,"column":72}},"30":{"start":{"line":57,"column":12},"end":{"line":57,"column":72}},"31":{"start":{"line":57,"column":26},"end":{"line":57,"column":72}},"32":{"start":{"line":61,"column":4},"end":{"line":61,"column":37}}},"fnMap":{"0":{"name":"(anonymous_0)","decl":{"start":{"line":12,"column":32},"end":{"line":12,"column":33}},"loc":{"start":{"line":13,"column":4},"end":{"line":13,"column":43}},"line":13},"1":{"name":"(anonymous_1)","decl":{"start":{"line":15,"column":35},"end":{"line":15,"column":36}},"loc":{"start":{"line":15,"column":82},"end":{"line":62,"column":1}},"line":15},"2":{"name":"(anonymous_2)","decl":{"start":{"line":20,"column":16},"end":{"line":20,"column":17}},"loc":{"start":{"line":20,"column":39},"end":{"line":34,"column":9}},"line":20},"3":{"name":"(anonymous_3)","decl":{"start":{"line":38,"column":16},"end":{"line":38,"column":17}},"loc":{"start":{"line":38,"column":39},"end":{"line":49,"column":9}},"line":38},"4":{"name":"(anonymous_4)","decl":{"start":{"line":53,"column":16},"end":{"line":53,"column":17}},"loc":{"start":{"line":53,"column":78},"end":{"line":58,"column":9}},"line":53}},"branchMap":{"0":{"loc":{"start":{"line":25,"column":12},"end":{"line":30,"column":13}},"type":"if","locations":[{"start":{"line":25,"column":12},"end":{"line":30,"column":13}},{"start":{"line":28,"column":19},"end":{"line":30,"column":13}}],"line":25},"1":{"loc":{"start":{"line":31,"column":12},"end":{"line":33,"column":13}},"type":"if","locations":[{"start":{"line":31,"column":12},"end":{"line":33,"column":13}},{"start":{},"end":{}}],"line":31},"2":{"loc":{"start":{"line":45,"column":12},"end":{"line":45,"column":72}},"type":"if","locations":[{"start":{"line":45,"column":12},"end":{"line":45,"column":72}},{"start":{},"end":{}}],"line":45},"3":{"loc":{"start":{"line":46,"column":12},"end":{"line":48,"column":13}},"type":"if","locations":[{"start":{"line":46,"column":12},"end":{"line":48,"column":13}},{"start":{},"end":{}}],"line":46},"4":{"loc":{"start":{"line":57,"column":12},"end":{"line":57,"column":72}},"type":"if","locations":[{"start":{"line":57,"column":12},"end":{"line":57,"column":72}},{"start":{},"end":{}}],"line":57}},"s":{"0":3,"1":3,"2":3,"3":3,"4":3,"5":3,"6":0,"7":3,"8":0,"9":0,"10":0,"11":0,"12":0,"13":0,"14":0,"15":0,"16":0,"17":0,"18":0,"19":0,"20":0,"21":0,"22":0,"23":0,"24":0,"25":0,"26":0,"27":0,"28":0,"29":0,"30":0,"31":0,"32":0},"f":{"0":0,"1":0,"2":0,"3":0,"4":0},"b":{"0":[0,0],"1":[0,0],"2":[0,0],"3":[0,0],"4":[0,0]},"_coverageSchema":"1a1c01bbd47fc00a2c39e90264f33305004495a9","hash":"cb3c017928bd9474e455634023652b58074bc41b"}
,"/Users/nicolasmaldiney/fragmentsCleanFront/app/contextWL/commentWl/usecases/read/commentRetrieval.ts": {"path":"/Users/nicolasmaldiney/fragmentsCleanFront/app/contextWL/commentWl/usecases/read/commentRetrieval.ts","statementMap":{"0":{"start":{"line":5,"column":40},"end":{"line":5,"column":112}},"1":{"start":{"line":7,"column":33},"end":{"line":14,"column":24}},"2":{"start":{"line":16,"column":39},"end":{"line":18,"column":1}},"3":{"start":{"line":20,"column":17},"end":{"line":20,"column":51}},"4":{"start":{"line":22,"column":14},"end":{"line":22,"column":63}},"5":{"start":{"line":22,"column":44},"end":{"line":22,"column":63}},"6":{"start":{"line":24,"column":32},"end":{"line":66,"column":5}},"7":{"start":{"line":25,"column":4},"end":{"line":66,"column":5}},"8":{"start":{"line":26,"column":8},"end":{"line":29,"column":9}},"9":{"start":{"line":27,"column":12},"end":{"line":27,"column":106}},"10":{"start":{"line":28,"column":12},"end":{"line":28,"column":19}},"11":{"start":{"line":31,"column":20},"end":{"line":31,"column":39}},"12":{"start":{"line":32,"column":8},"end":{"line":32,"column":35}},"13":{"start":{"line":35,"column":27},"end":{"line":35,"column":48}},"14":{"start":{"line":36,"column":8},"end":{"line":36,"column":38}},"15":{"start":{"line":38,"column":8},"end":{"line":38,"column":57}},"16":{"start":{"line":40,"column":8},"end":{"line":65,"column":9}},"17":{"start":{"line":42,"column":24},"end":{"line":42,"column":116}},"18":{"start":{"line":44,"column":12},"end":{"line":44,"column":57}},"19":{"start":{"line":44,"column":50},"end":{"line":44,"column":57}},"20":{"start":{"line":46,"column":12},"end":{"line":58,"column":13}},"21":{"start":{"line":48,"column":16},"end":{"line":55,"column":20}},"22":{"start":{"line":57,"column":16},"end":{"line":57,"column":106}},"23":{"start":{"line":60,"column":12},"end":{"line":60,"column":49}},"24":{"start":{"line":60,"column":42},"end":{"line":60,"column":49}},"25":{"start":{"line":61,"column":12},"end":{"line":61,"column":106}},"26":{"start":{"line":64,"column":12},"end":{"line":64,"column":71}},"27":{"start":{"line":64,"column":50},"end":{"line":64,"column":71}}},"fnMap":{"0":{"name":"(anonymous_0)","decl":{"start":{"line":22,"column":14},"end":{"line":22,"column":15}},"loc":{"start":{"line":22,"column":44},"end":{"line":22,"column":63}},"line":22},"1":{"name":"(anonymous_1)","decl":{"start":{"line":24,"column":32},"end":{"line":24,"column":33}},"loc":{"start":{"line":25,"column":4},"end":{"line":66,"column":5}},"line":25},"2":{"name":"(anonymous_2)","decl":{"start":{"line":25,"column":4},"end":{"line":25,"column":5}},"loc":{"start":{"line":25,"column":45},"end":{"line":66,"column":5}},"line":25}},"branchMap":{"0":{"loc":{"start":{"line":24,"column":57},"end":{"line":24,"column":65}},"type":"default-arg","locations":[{"start":{"line":24,"column":63},"end":{"line":24,"column":65}}],"line":24},"1":{"loc":{"start":{"line":26,"column":8},"end":{"line":29,"column":9}},"type":"if","locations":[{"start":{"line":26,"column":8},"end":{"line":29,"column":9}},{"start":{},"end":{}}],"line":26},"2":{"loc":{"start":{"line":44,"column":12},"end":{"line":44,"column":57}},"type":"if","locations":[{"start":{"line":44,"column":12},"end":{"line":44,"column":57}},{"start":{},"end":{}}],"line":44},"3":{"loc":{"start":{"line":46,"column":12},"end":{"line":58,"column":13}},"type":"if","locations":[{"start":{"line":46,"column":12},"end":{"line":58,"column":13}},{"start":{"line":56,"column":19},"end":{"line":58,"column":13}}],"line":46},"4":{"loc":{"start":{"line":60,"column":12},"end":{"line":60,"column":49}},"type":"if","locations":[{"start":{"line":60,"column":12},"end":{"line":60,"column":49}},{"start":{},"end":{}}],"line":60},"5":{"loc":{"start":{"line":61,"column":85},"end":{"line":61,"column":100}},"type":"binary-expr","locations":[{"start":{"line":61,"column":85},"end":{"line":61,"column":95}},{"start":{"line":61,"column":99},"end":{"line":61,"column":100}}],"line":61},"6":{"loc":{"start":{"line":64,"column":12},"end":{"line":64,"column":71}},"type":"if","locations":[{"start":{"line":64,"column":12},"end":{"line":64,"column":71}},{"start":{},"end":{}}],"line":64}},"s":{"0":3,"1":3,"2":3,"3":3,"4":3,"5":0,"6":3,"7":0,"8":0,"9":0,"10":0,"11":0,"12":0,"13":0,"14":0,"15":0,"16":0,"17":0,"18":0,"19":0,"20":0,"21":0,"22":0,"23":0,"24":0,"25":0,"26":0,"27":0},"f":{"0":0,"1":0,"2":0},"b":{"0":[0],"1":[0,0],"2":[0,0],"3":[0,0],"4":[0,0],"5":[0,0],"6":[0,0]},"_coverageSchema":"1a1c01bbd47fc00a2c39e90264f33305004495a9","hash":"fd3bd0c6a91e3481595f4369af82c28715871867"}
,"/Users/nicolasmaldiney/fragmentsCleanFront/app/contextWL/commentWl/usecases/write/commentCreateWlUseCase.ts": {"path":"/Users/nicolasmaldiney/fragmentsCleanFront/app/contextWL/commentWl/usecases/write/commentCreateWlUseCase.ts","statementMap":{"0":{"start":{"line":7,"column":40},"end":{"line":7,"column":128}},"1":{"start":{"line":8,"column":36},"end":{"line":8,"column":109}},"2":{"start":{"line":9,"column":32},"end":{"line":9,"column":129}},"3":{"start":{"line":10,"column":33},"end":{"line":10,"column":74}},"4":{"start":{"line":12,"column":43},"end":{"line":69,"column":1}},"5":{"start":{"line":13,"column":22},"end":{"line":13,"column":48}},"6":{"start":{"line":14,"column":21},"end":{"line":14,"column":95}},"7":{"start":{"line":16,"column":4},"end":{"line":67,"column":6}},"8":{"start":{"line":19,"column":49},"end":{"line":19,"column":63}},"9":{"start":{"line":22,"column":28},"end":{"line":22,"column":39}},"10":{"start":{"line":23,"column":12},"end":{"line":28,"column":13}},"11":{"start":{"line":24,"column":16},"end":{"line":26,"column":17}},"12":{"start":{"line":25,"column":20},"end":{"line":25,"column":31}},"13":{"start":{"line":27,"column":16},"end":{"line":27,"column":22}},"14":{"start":{"line":29,"column":23},"end":{"line":29,"column":61}},"15":{"start":{"line":30,"column":27},"end":{"line":30,"column":89}},"16":{"start":{"line":31,"column":29},"end":{"line":31,"column":88}},"17":{"start":{"line":32,"column":30},"end":{"line":32,"column":47}},"18":{"start":{"line":33,"column":30},"end":{"line":33,"column":100}},"19":{"start":{"line":34,"column":31},"end":{"line":34,"column":40}},"20":{"start":{"line":36,"column":12},"end":{"line":51,"column":13}},"21":{"start":{"line":53,"column":12},"end":{"line":60,"column":15}},"22":{"start":{"line":62,"column":12},"end":{"line":62,"column":45}},"23":{"start":{"line":63,"column":12},"end":{"line":65,"column":13}},"24":{"start":{"line":64,"column":16},"end":{"line":64,"column":27}},"25":{"start":{"line":68,"column":4},"end":{"line":68,"column":21}}},"fnMap":{"0":{"name":"(anonymous_0)","decl":{"start":{"line":12,"column":43},"end":{"line":12,"column":44}},"loc":{"start":{"line":12,"column":91},"end":{"line":69,"column":1}},"line":12},"1":{"name":"(anonymous_1)","decl":{"start":{"line":18,"column":16},"end":{"line":18,"column":17}},"loc":{"start":{"line":18,"column":39},"end":{"line":66,"column":9}},"line":18}},"branchMap":{"0":{"loc":{"start":{"line":23,"column":12},"end":{"line":28,"column":13}},"type":"if","locations":[{"start":{"line":23,"column":12},"end":{"line":28,"column":13}},{"start":{},"end":{}}],"line":23},"1":{"loc":{"start":{"line":23,"column":16},"end":{"line":23,"column":46}},"type":"binary-expr","locations":[{"start":{"line":23,"column":16},"end":{"line":23,"column":24}},{"start":{"line":23,"column":28},"end":{"line":23,"column":46}}],"line":23},"2":{"loc":{"start":{"line":24,"column":16},"end":{"line":26,"column":17}},"type":"if","locations":[{"start":{"line":24,"column":16},"end":{"line":26,"column":17}},{"start":{},"end":{}}],"line":24},"3":{"loc":{"start":{"line":29,"column":23},"end":{"line":29,"column":61}},"type":"binary-expr","locations":[{"start":{"line":29,"column":23},"end":{"line":29,"column":53}},{"start":{"line":29,"column":57},"end":{"line":29,"column":61}}],"line":29},"4":{"loc":{"start":{"line":30,"column":27},"end":{"line":30,"column":89}},"type":"binary-expr","locations":[{"start":{"line":30,"column":27},"end":{"line":30,"column":64}},{"start":{"line":30,"column":68},"end":{"line":30,"column":89}}],"line":30},"5":{"loc":{"start":{"line":31,"column":29},"end":{"line":31,"column":88}},"type":"binary-expr","locations":[{"start":{"line":31,"column":29},"end":{"line":31,"column":67}},{"start":{"line":31,"column":71},"end":{"line":31,"column":88}}],"line":31},"6":{"loc":{"start":{"line":33,"column":30},"end":{"line":33,"column":100}},"type":"cond-expr","locations":[{"start":{"line":33,"column":52},"end":{"line":33,"column":73}},{"start":{"line":33,"column":76},"end":{"line":33,"column":100}}],"line":33},"7":{"loc":{"start":{"line":63,"column":12},"end":{"line":65,"column":13}},"type":"if","locations":[{"start":{"line":63,"column":12},"end":{"line":65,"column":13}},{"start":{},"end":{}}],"line":63}},"s":{"0":3,"1":3,"2":3,"3":3,"4":3,"5":0,"6":0,"7":0,"8":0,"9":0,"10":0,"11":0,"12":0,"13":0,"14":0,"15":0,"16":0,"17":0,"18":0,"19":0,"20":0,"21":0,"22":0,"23":0,"24":0,"25":0},"f":{"0":0,"1":0},"b":{"0":[0,0],"1":[0,0],"2":[0,0],"3":[0,0],"4":[0,0],"5":[0,0],"6":[0,0],"7":[0,0]},"_coverageSchema":"1a1c01bbd47fc00a2c39e90264f33305004495a9","hash":"d4d16c6bc39d090c015d0c6660460a3716a29569"}
,"/Users/nicolasmaldiney/fragmentsCleanFront/app/contextWL/commentWl/usecases/write/commentDeleteWlUseCase.ts": {"path":"/Users/nicolasmaldiney/fragmentsCleanFront/app/contextWL/commentWl/usecases/write/commentDeleteWlUseCase.ts","statementMap":{"0":{"start":{"line":7,"column":40},"end":{"line":7,"column":106}},"1":{"start":{"line":8,"column":39},"end":{"line":8,"column":136}},"2":{"start":{"line":10,"column":43},"end":{"line":61,"column":1}},"3":{"start":{"line":11,"column":15},"end":{"line":11,"column":41}},"4":{"start":{"line":12,"column":19},"end":{"line":12,"column":86}},"5":{"start":{"line":14,"column":4},"end":{"line":58,"column":7}},"6":{"start":{"line":17,"column":31},"end":{"line":17,"column":45}},"7":{"start":{"line":18,"column":24},"end":{"line":18,"column":65}},"8":{"start":{"line":19,"column":12},"end":{"line":24,"column":13}},"9":{"start":{"line":20,"column":16},"end":{"line":22,"column":17}},"10":{"start":{"line":21,"column":20},"end":{"line":21,"column":31}},"11":{"start":{"line":23,"column":16},"end":{"line":23,"column":23}},"12":{"start":{"line":29,"column":30},"end":{"line":29,"column":47}},"13":{"start":{"line":30,"column":30},"end":{"line":30,"column":89}},"14":{"start":{"line":31,"column":30},"end":{"line":31,"column":82}},"15":{"start":{"line":34,"column":12},"end":{"line":34,"column":93}},"16":{"start":{"line":37,"column":12},"end":{"line":50,"column":16}},"17":{"start":{"line":52,"column":12},"end":{"line":52,"column":46}},"18":{"start":{"line":54,"column":12},"end":{"line":56,"column":13}},"19":{"start":{"line":55,"column":16},"end":{"line":55,"column":27}},"20":{"start":{"line":60,"column":4},"end":{"line":60,"column":14}}},"fnMap":{"0":{"name":"(anonymous_0)","decl":{"start":{"line":10,"column":43},"end":{"line":10,"column":44}},"loc":{"start":{"line":10,"column":90},"end":{"line":61,"column":1}},"line":10},"1":{"name":"(anonymous_1)","decl":{"start":{"line":16,"column":16},"end":{"line":16,"column":17}},"loc":{"start":{"line":16,"column":59},"end":{"line":57,"column":9}},"line":16}},"branchMap":{"0":{"loc":{"start":{"line":19,"column":12},"end":{"line":24,"column":13}},"type":"if","locations":[{"start":{"line":19,"column":12},"end":{"line":24,"column":13}},{"start":{},"end":{}}],"line":19},"1":{"loc":{"start":{"line":20,"column":16},"end":{"line":22,"column":17}},"type":"if","locations":[{"start":{"line":20,"column":16},"end":{"line":22,"column":17}},{"start":{},"end":{}}],"line":20},"2":{"loc":{"start":{"line":30,"column":30},"end":{"line":30,"column":89}},"type":"binary-expr","locations":[{"start":{"line":30,"column":30},"end":{"line":30,"column":68}},{"start":{"line":30,"column":72},"end":{"line":30,"column":89}}],"line":30},"3":{"loc":{"start":{"line":31,"column":30},"end":{"line":31,"column":82}},"type":"binary-expr","locations":[{"start":{"line":31,"column":30},"end":{"line":31,"column":54}},{"start":{"line":31,"column":58},"end":{"line":31,"column":82}}],"line":31},"4":{"loc":{"start":{"line":54,"column":12},"end":{"line":56,"column":13}},"type":"if","locations":[{"start":{"line":54,"column":12},"end":{"line":56,"column":13}},{"start":{},"end":{}}],"line":54}},"s":{"0":3,"1":3,"2":3,"3":0,"4":0,"5":0,"6":0,"7":0,"8":0,"9":0,"10":0,"11":0,"12":0,"13":0,"14":0,"15":0,"16":0,"17":0,"18":0,"19":0,"20":0},"f":{"0":0,"1":0},"b":{"0":[0,0],"1":[0,0],"2":[0,0],"3":[0,0],"4":[0,0]},"_coverageSchema":"1a1c01bbd47fc00a2c39e90264f33305004495a9","hash":"1db81b17274e07d3b5af0a71a0807cd17cc6a8f7"}
,"/Users/nicolasmaldiney/fragmentsCleanFront/app/contextWL/commentWl/usecases/write/commentUpdateWlUseCase.ts": {"path":"/Users/nicolasmaldiney/fragmentsCleanFront/app/contextWL/commentWl/usecases/write/commentUpdateWlUseCase.ts","statementMap":{"0":{"start":{"line":7,"column":24},"end":{"line":7,"column":97}},"1":{"start":{"line":8,"column":40},"end":{"line":8,"column":146}},"2":{"start":{"line":10,"column":38},"end":{"line":57,"column":1}},"3":{"start":{"line":11,"column":22},"end":{"line":11,"column":48}},"4":{"start":{"line":12,"column":21},"end":{"line":12,"column":95}},"5":{"start":{"line":14,"column":4},"end":{"line":55,"column":6}},"6":{"start":{"line":17,"column":41},"end":{"line":17,"column":55}},"7":{"start":{"line":18,"column":28},"end":{"line":18,"column":42}},"8":{"start":{"line":19,"column":12},"end":{"line":24,"column":13}},"9":{"start":{"line":20,"column":16},"end":{"line":22,"column":17}},"10":{"start":{"line":21,"column":20},"end":{"line":21,"column":31}},"11":{"start":{"line":23,"column":16},"end":{"line":23,"column":22}},"12":{"start":{"line":26,"column":26},"end":{"line":26,"column":47}},"13":{"start":{"line":27,"column":22},"end":{"line":27,"column":63}},"14":{"start":{"line":28,"column":12},"end":{"line":33,"column":13}},"15":{"start":{"line":29,"column":16},"end":{"line":31,"column":17}},"16":{"start":{"line":30,"column":20},"end":{"line":30,"column":31}},"17":{"start":{"line":32,"column":16},"end":{"line":32,"column":23}},"18":{"start":{"line":35,"column":30},"end":{"line":35,"column":47}},"19":{"start":{"line":36,"column":30},"end":{"line":36,"column":89}},"20":{"start":{"line":37,"column":30},"end":{"line":37,"column":82}},"21":{"start":{"line":39,"column":12},"end":{"line":39,"column":110}},"22":{"start":{"line":41,"column":12},"end":{"line":48,"column":16}},"23":{"start":{"line":50,"column":12},"end":{"line":50,"column":45}},"24":{"start":{"line":51,"column":12},"end":{"line":53,"column":13}},"25":{"start":{"line":52,"column":16},"end":{"line":52,"column":27}},"26":{"start":{"line":56,"column":4},"end":{"line":56,"column":21}}},"fnMap":{"0":{"name":"(anonymous_0)","decl":{"start":{"line":10,"column":38},"end":{"line":10,"column":39}},"loc":{"start":{"line":10,"column":84},"end":{"line":57,"column":1}},"line":10},"1":{"name":"(anonymous_1)","decl":{"start":{"line":16,"column":16},"end":{"line":16,"column":17}},"loc":{"start":{"line":16,"column":39},"end":{"line":54,"column":9}},"line":16}},"branchMap":{"0":{"loc":{"start":{"line":19,"column":12},"end":{"line":24,"column":13}},"type":"if","locations":[{"start":{"line":19,"column":12},"end":{"line":24,"column":13}},{"start":{},"end":{}}],"line":19},"1":{"loc":{"start":{"line":20,"column":16},"end":{"line":22,"column":17}},"type":"if","locations":[{"start":{"line":20,"column":16},"end":{"line":22,"column":17}},{"start":{},"end":{}}],"line":20},"2":{"loc":{"start":{"line":28,"column":12},"end":{"line":33,"column":13}},"type":"if","locations":[{"start":{"line":28,"column":12},"end":{"line":33,"column":13}},{"start":{},"end":{}}],"line":28},"3":{"loc":{"start":{"line":29,"column":16},"end":{"line":31,"column":17}},"type":"if","locations":[{"start":{"line":29,"column":16},"end":{"line":31,"column":17}},{"start":{},"end":{}}],"line":29},"4":{"loc":{"start":{"line":36,"column":30},"end":{"line":36,"column":89}},"type":"binary-expr","locations":[{"start":{"line":36,"column":30},"end":{"line":36,"column":68}},{"start":{"line":36,"column":72},"end":{"line":36,"column":89}}],"line":36},"5":{"loc":{"start":{"line":37,"column":30},"end":{"line":37,"column":82}},"type":"binary-expr","locations":[{"start":{"line":37,"column":30},"end":{"line":37,"column":54}},{"start":{"line":37,"column":58},"end":{"line":37,"column":82}}],"line":37},"6":{"loc":{"start":{"line":51,"column":12},"end":{"line":53,"column":13}},"type":"if","locations":[{"start":{"line":51,"column":12},"end":{"line":53,"column":13}},{"start":{},"end":{}}],"line":51}},"s":{"0":3,"1":3,"2":3,"3":0,"4":0,"5":0,"6":0,"7":0,"8":0,"9":0,"10":0,"11":0,"12":0,"13":0,"14":0,"15":0,"16":0,"17":0,"18":0,"19":0,"20":0,"21":0,"22":0,"23":0,"24":0,"25":0,"26":0},"f":{"0":0,"1":0},"b":{"0":[0,0],"1":[0,0],"2":[0,0],"3":[0,0],"4":[0,0],"5":[0,0],"6":[0,0]},"_coverageSchema":"1a1c01bbd47fc00a2c39e90264f33305004495a9","hash":"21e9a8f6f883ff5aab4c1cc927206ba50f5cca53"}
,"/Users/nicolasmaldiney/fragmentsCleanFront/app/contextWL/likeWl/reducer/likeWl.reducer.ts": {"path":"/Users/nicolasmaldiney/fragmentsCleanFront/app/contextWL/likeWl/reducer/likeWl.reducer.ts","statementMap":{"0":{"start":{"line":15,"column":42},"end":{"line":15,"column":58}},"1":{"start":{"line":17,"column":18},"end":{"line":18,"column":97}},"2":{"start":{"line":18,"column":5},"end":{"line":18,"column":96}},"3":{"start":{"line":20,"column":29},"end":{"line":82,"column":1}},"4":{"start":{"line":23,"column":8},"end":{"line":27,"column":11}},"5":{"start":{"line":24,"column":22},"end":{"line":24,"column":48}},"6":{"start":{"line":25,"column":12},"end":{"line":25,"column":46}},"7":{"start":{"line":26,"column":12},"end":{"line":26,"column":32}},"8":{"start":{"line":28,"column":8},"end":{"line":36,"column":11}},"9":{"start":{"line":29,"column":22},"end":{"line":29,"column":48}},"10":{"start":{"line":30,"column":12},"end":{"line":30,"column":28}},"11":{"start":{"line":31,"column":12},"end":{"line":31,"column":22}},"12":{"start":{"line":32,"column":12},"end":{"line":32,"column":32}},"13":{"start":{"line":33,"column":12},"end":{"line":33,"column":52}},"14":{"start":{"line":34,"column":12},"end":{"line":34,"column":46}},"15":{"start":{"line":35,"column":12},"end":{"line":35,"column":33}},"16":{"start":{"line":37,"column":8},"end":{"line":41,"column":11}},"17":{"start":{"line":38,"column":22},"end":{"line":38,"column":48}},"18":{"start":{"line":39,"column":12},"end":{"line":39,"column":44}},"19":{"start":{"line":40,"column":12},"end":{"line":40,"column":28}},"20":{"start":{"line":44,"column":8},"end":{"line":51,"column":11}},"21":{"start":{"line":45,"column":22},"end":{"line":45,"column":48}},"22":{"start":{"line":46,"column":12},"end":{"line":50,"column":13}},"23":{"start":{"line":47,"column":16},"end":{"line":47,"column":51}},"24":{"start":{"line":48,"column":16},"end":{"line":48,"column":28}},"25":{"start":{"line":49,"column":16},"end":{"line":49,"column":36}},"26":{"start":{"line":52,"column":8},"end":{"line":59,"column":11}},"27":{"start":{"line":53,"column":22},"end":{"line":53,"column":48}},"28":{"start":{"line":54,"column":12},"end":{"line":58,"column":13}},"29":{"start":{"line":55,"column":16},"end":{"line":55,"column":51}},"30":{"start":{"line":56,"column":16},"end":{"line":56,"column":29}},"31":{"start":{"line":57,"column":16},"end":{"line":57,"column":36}},"32":{"start":{"line":62,"column":8},"end":{"line":70,"column":11}},"33":{"start":{"line":63,"column":22},"end":{"line":63,"column":48}},"34":{"start":{"line":64,"column":12},"end":{"line":64,"column":35}},"35":{"start":{"line":65,"column":12},"end":{"line":65,"column":29}},"36":{"start":{"line":66,"column":12},"end":{"line":66,"column":39}},"37":{"start":{"line":67,"column":12},"end":{"line":67,"column":58}},"38":{"start":{"line":68,"column":12},"end":{"line":68,"column":33}},"39":{"start":{"line":69,"column":12},"end":{"line":69,"column":96}},"40":{"start":{"line":73,"column":8},"end":{"line":80,"column":11}},"41":{"start":{"line":74,"column":22},"end":{"line":74,"column":48}},"42":{"start":{"line":75,"column":12},"end":{"line":75,"column":32}},"43":{"start":{"line":76,"column":12},"end":{"line":76,"column":26}},"44":{"start":{"line":77,"column":12},"end":{"line":77,"column":49}},"45":{"start":{"line":78,"column":12},"end":{"line":78,"column":33}}},"fnMap":{"0":{"name":"(anonymous_0)","decl":{"start":{"line":17,"column":18},"end":{"line":17,"column":19}},"loc":{"start":{"line":18,"column":5},"end":{"line":18,"column":96}},"line":18},"1":{"name":"(anonymous_1)","decl":{"start":{"line":22,"column":4},"end":{"line":22,"column":5}},"loc":{"start":{"line":22,"column":17},"end":{"line":81,"column":5}},"line":22},"2":{"name":"(anonymous_2)","decl":{"start":{"line":23,"column":47},"end":{"line":23,"column":48}},"loc":{"start":{"line":23,"column":85},"end":{"line":27,"column":9}},"line":23},"3":{"name":"(anonymous_3)","decl":{"start":{"line":28,"column":40},"end":{"line":28,"column":41}},"loc":{"start":{"line":28,"column":110},"end":{"line":36,"column":9}},"line":28},"4":{"name":"(anonymous_4)","decl":{"start":{"line":37,"column":46},"end":{"line":37,"column":47}},"loc":{"start":{"line":37,"column":91},"end":{"line":41,"column":9}},"line":37},"5":{"name":"(anonymous_5)","decl":{"start":{"line":44,"column":47},"end":{"line":44,"column":48}},"loc":{"start":{"line":44,"column":85},"end":{"line":51,"column":9}},"line":44},"6":{"name":"(anonymous_6)","decl":{"start":{"line":52,"column":49},"end":{"line":52,"column":50}},"loc":{"start":{"line":52,"column":87},"end":{"line":59,"column":9}},"line":52},"7":{"name":"(anonymous_7)","decl":{"start":{"line":62,"column":40},"end":{"line":62,"column":41}},"loc":{"start":{"line":62,"column":86},"end":{"line":70,"column":9}},"line":62},"8":{"name":"(anonymous_8)","decl":{"start":{"line":73,"column":38},"end":{"line":73,"column":39}},"loc":{"start":{"line":73,"column":108},"end":{"line":80,"column":9}},"line":73}},"branchMap":{"0":{"loc":{"start":{"line":33,"column":26},"end":{"line":33,"column":51}},"type":"binary-expr","locations":[{"start":{"line":33,"column":26},"end":{"line":33,"column":36}},{"start":{"line":33,"column":40},"end":{"line":33,"column":51}}],"line":33},"1":{"loc":{"start":{"line":46,"column":12},"end":{"line":50,"column":13}},"type":"if","locations":[{"start":{"line":46,"column":12},"end":{"line":50,"column":13}},{"start":{},"end":{}}],"line":46},"2":{"loc":{"start":{"line":54,"column":12},"end":{"line":58,"column":13}},"type":"if","locations":[{"start":{"line":54,"column":12},"end":{"line":58,"column":13}},{"start":{},"end":{}}],"line":54},"3":{"loc":{"start":{"line":67,"column":26},"end":{"line":67,"column":57}},"type":"binary-expr","locations":[{"start":{"line":67,"column":26},"end":{"line":67,"column":42}},{"start":{"line":67,"column":46},"end":{"line":67,"column":57}}],"line":67},"4":{"loc":{"start":{"line":69,"column":24},"end":{"line":69,"column":95}},"type":"cond-expr","locations":[{"start":{"line":69,"column":62},"end":{"line":69,"column":83}},{"start":{"line":69,"column":86},"end":{"line":69,"column":95}}],"line":69},"5":{"loc":{"start":{"line":77,"column":24},"end":{"line":77,"column":48}},"type":"binary-expr","locations":[{"start":{"line":77,"column":24},"end":{"line":77,"column":35}},{"start":{"line":77,"column":39},"end":{"line":77,"column":48}}],"line":77}},"s":{"0":3,"1":3,"2":15,"3":3,"4":3,"5":2,"6":2,"7":2,"8":3,"9":8,"10":8,"11":8,"12":8,"13":8,"14":8,"15":8,"16":3,"17":1,"18":1,"19":1,"20":3,"21":1,"22":1,"23":1,"24":1,"25":1,"26":3,"27":1,"28":1,"29":1,"30":1,"31":1,"32":3,"33":2,"34":2,"35":2,"36":2,"37":2,"38":2,"39":2,"40":3,"41":0,"42":0,"43":0,"44":0,"45":0},"f":{"0":15,"1":3,"2":2,"3":8,"4":1,"5":1,"6":1,"7":2,"8":0},"b":{"0":[8,0],"1":[1,0],"2":[1,0],"3":[2,0],"4":[0,2],"5":[0,0]},"_coverageSchema":"1a1c01bbd47fc00a2c39e90264f33305004495a9","hash":"14f8f2802239ca3c1e3072eb6a6d90e7628f4b4f"}
,"/Users/nicolasmaldiney/fragmentsCleanFront/app/contextWL/likeWl/typeAction/likeWl.action.ts": {"path":"/Users/nicolasmaldiney/fragmentsCleanFront/app/contextWL/likeWl/typeAction/likeWl.action.ts","statementMap":{"0":{"start":{"line":4,"column":38},"end":{"line":4,"column":101}},"1":{"start":{"line":5,"column":38},"end":{"line":5,"column":162}},"2":{"start":{"line":6,"column":38},"end":{"line":6,"column":115}},"3":{"start":{"line":9,"column":39},"end":{"line":9,"column":121}},"4":{"start":{"line":10,"column":39},"end":{"line":10,"column":123}},"5":{"start":{"line":13,"column":32},"end":{"line":13,"column":165}},"6":{"start":{"line":14,"column":32},"end":{"line":14,"column":143}}},"fnMap":{},"branchMap":{},"s":{"0":3,"1":3,"2":3,"3":3,"4":3,"5":3,"6":3},"f":{},"b":{},"_coverageSchema":"1a1c01bbd47fc00a2c39e90264f33305004495a9","hash":"73c4affca6f20deebebacaab07b8533b772875fb"}
,"/Users/nicolasmaldiney/fragmentsCleanFront/app/contextWL/likeWl/typeAction/likeWl.type.ts": {"path":"/Users/nicolasmaldiney/fragmentsCleanFront/app/contextWL/likeWl/typeAction/likeWl.type.ts","statementMap":{"0":{"start":{"line":43,"column":29},"end":{"line":48,"column":10}}},"fnMap":{},"branchMap":{},"s":{"0":3},"f":{},"b":{},"_coverageSchema":"1a1c01bbd47fc00a2c39e90264f33305004495a9","hash":"1e26be334e378864ed22313dd8e86d90b8c38be8"}
,"/Users/nicolasmaldiney/fragmentsCleanFront/app/contextWL/likeWl/usecases/read/aclLike.ts": {"path":"/Users/nicolasmaldiney/fragmentsCleanFront/app/contextWL/likeWl/usecases/read/aclLike.ts","statementMap":{"0":{"start":{"line":8,"column":30},"end":{"line":8,"column":186}},"1":{"start":{"line":9,"column":32},"end":{"line":9,"column":190}},"2":{"start":{"line":11,"column":14},"end":{"line":11,"column":86}},"3":{"start":{"line":11,"column":48},"end":{"line":11,"column":86}},"4":{"start":{"line":13,"column":39},"end":{"line":36,"column":1}},"5":{"start":{"line":14,"column":15},"end":{"line":14,"column":41}},"6":{"start":{"line":15,"column":19},"end":{"line":15,"column":86}},"7":{"start":{"line":17,"column":4},"end":{"line":24,"column":7}},"8":{"start":{"line":20,"column":12},"end":{"line":20,"column":63}},"9":{"start":{"line":21,"column":29},"end":{"line":21,"column":61}},"10":{"start":{"line":22,"column":12},"end":{"line":22,"column":72}},"11":{"start":{"line":22,"column":26},"end":{"line":22,"column":72}},"12":{"start":{"line":26,"column":4},"end":{"line":33,"column":7}},"13":{"start":{"line":29,"column":12},"end":{"line":29,"column":63}},"14":{"start":{"line":30,"column":29},"end":{"line":30,"column":61}},"15":{"start":{"line":31,"column":12},"end":{"line":31,"column":72}},"16":{"start":{"line":31,"column":26},"end":{"line":31,"column":72}},"17":{"start":{"line":35,"column":4},"end":{"line":35,"column":14}}},"fnMap":{"0":{"name":"(anonymous_0)","decl":{"start":{"line":11,"column":14},"end":{"line":11,"column":15}},"loc":{"start":{"line":11,"column":48},"end":{"line":11,"column":86}},"line":11},"1":{"name":"(anonymous_1)","decl":{"start":{"line":13,"column":39},"end":{"line":13,"column":40}},"loc":{"start":{"line":13,"column":45},"end":{"line":36,"column":1}},"line":13},"2":{"name":"(anonymous_2)","decl":{"start":{"line":19,"column":16},"end":{"line":19,"column":17}},"loc":{"start":{"line":19,"column":77},"end":{"line":23,"column":9}},"line":19},"3":{"name":"(anonymous_3)","decl":{"start":{"line":28,"column":16},"end":{"line":28,"column":17}},"loc":{"start":{"line":28,"column":77},"end":{"line":32,"column":9}},"line":28}},"branchMap":{"0":{"loc":{"start":{"line":22,"column":12},"end":{"line":22,"column":72}},"type":"if","locations":[{"start":{"line":22,"column":12},"end":{"line":22,"column":72}},{"start":{},"end":{}}],"line":22},"1":{"loc":{"start":{"line":31,"column":12},"end":{"line":31,"column":72}},"type":"if","locations":[{"start":{"line":31,"column":12},"end":{"line":31,"column":72}},{"start":{},"end":{}}],"line":31}},"s":{"0":1,"1":1,"2":1,"3":2,"4":1,"5":2,"6":2,"7":2,"8":1,"9":1,"10":1,"11":1,"12":2,"13":1,"14":1,"15":1,"16":1,"17":2},"f":{"0":2,"1":2,"2":1,"3":1},"b":{"0":[1,0],"1":[1,0]},"_coverageSchema":"1a1c01bbd47fc00a2c39e90264f33305004495a9","hash":"4f7e7be187c0b734e2f32d0a07b421e129485f49"}
,"/Users/nicolasmaldiney/fragmentsCleanFront/app/contextWL/likeWl/usecases/read/likeRetrieval.ts": {"path":"/Users/nicolasmaldiney/fragmentsCleanFront/app/contextWL/likeWl/usecases/read/likeRetrieval.ts","statementMap":{"0":{"start":{"line":7,"column":17},"end":{"line":7,"column":51}},"1":{"start":{"line":9,"column":30},"end":{"line":30,"column":5}},"2":{"start":{"line":10,"column":4},"end":{"line":30,"column":5}},"3":{"start":{"line":11,"column":8},"end":{"line":14,"column":9}},"4":{"start":{"line":12,"column":12},"end":{"line":12,"column":96}},"5":{"start":{"line":13,"column":12},"end":{"line":13,"column":19}},"6":{"start":{"line":15,"column":8},"end":{"line":15,"column":40}},"7":{"start":{"line":16,"column":27},"end":{"line":16,"column":48}},"8":{"start":{"line":17,"column":8},"end":{"line":17,"column":43}},"9":{"start":{"line":19,"column":8},"end":{"line":19,"column":54}},"10":{"start":{"line":20,"column":8},"end":{"line":29,"column":9}},"11":{"start":{"line":21,"column":24},"end":{"line":21,"column":95}},"12":{"start":{"line":22,"column":12},"end":{"line":22,"column":62}},"13":{"start":{"line":22,"column":55},"end":{"line":22,"column":62}},"14":{"start":{"line":23,"column":12},"end":{"line":23,"column":59}},"15":{"start":{"line":25,"column":12},"end":{"line":25,"column":49}},"16":{"start":{"line":25,"column":42},"end":{"line":25,"column":49}},"17":{"start":{"line":26,"column":12},"end":{"line":26,"column":89}},"18":{"start":{"line":28,"column":12},"end":{"line":28,"column":81}},"19":{"start":{"line":28,"column":55},"end":{"line":28,"column":81}}},"fnMap":{"0":{"name":"(anonymous_0)","decl":{"start":{"line":9,"column":30},"end":{"line":9,"column":31}},"loc":{"start":{"line":10,"column":4},"end":{"line":30,"column":5}},"line":10},"1":{"name":"(anonymous_1)","decl":{"start":{"line":10,"column":4},"end":{"line":10,"column":5}},"loc":{"start":{"line":10,"column":47},"end":{"line":30,"column":5}},"line":10}},"branchMap":{"0":{"loc":{"start":{"line":11,"column":8},"end":{"line":14,"column":9}},"type":"if","locations":[{"start":{"line":11,"column":8},"end":{"line":14,"column":9}},{"start":{},"end":{}}],"line":11},"1":{"loc":{"start":{"line":22,"column":12},"end":{"line":22,"column":62}},"type":"if","locations":[{"start":{"line":22,"column":12},"end":{"line":22,"column":62}},{"start":{},"end":{}}],"line":22},"2":{"loc":{"start":{"line":25,"column":12},"end":{"line":25,"column":49}},"type":"if","locations":[{"start":{"line":25,"column":12},"end":{"line":25,"column":49}},{"start":{},"end":{}}],"line":25},"3":{"loc":{"start":{"line":26,"column":68},"end":{"line":26,"column":83}},"type":"binary-expr","locations":[{"start":{"line":26,"column":68},"end":{"line":26,"column":78}},{"start":{"line":26,"column":82},"end":{"line":26,"column":83}}],"line":26},"4":{"loc":{"start":{"line":28,"column":12},"end":{"line":28,"column":81}},"type":"if","locations":[{"start":{"line":28,"column":12},"end":{"line":28,"column":81}},{"start":{},"end":{}}],"line":28}},"s":{"0":1,"1":1,"2":2,"3":2,"4":0,"5":0,"6":2,"7":2,"8":2,"9":2,"10":2,"11":2,"12":1,"13":0,"14":1,"15":1,"16":0,"17":1,"18":2,"19":2},"f":{"0":2,"1":2},"b":{"0":[0,2],"1":[0,1],"2":[0,1],"3":[1,0],"4":[2,0]},"_coverageSchema":"1a1c01bbd47fc00a2c39e90264f33305004495a9","hash":"5060167a94f948bd6365f3f0aef57b1e1e34e91b"}
,"/Users/nicolasmaldiney/fragmentsCleanFront/app/contextWL/likeWl/usecases/write/likePressedUseCase.ts": {"path":"/Users/nicolasmaldiney/fragmentsCleanFront/app/contextWL/likeWl/usecases/write/likePressedUseCase.ts","statementMap":{"0":{"start":{"line":10,"column":37},"end":{"line":10,"column":99}},"1":{"start":{"line":12,"column":40},"end":{"line":55,"column":1}},"2":{"start":{"line":13,"column":15},"end":{"line":13,"column":41}},"3":{"start":{"line":14,"column":19},"end":{"line":14,"column":86}},"4":{"start":{"line":16,"column":4},"end":{"line":52,"column":7}},"5":{"start":{"line":19,"column":31},"end":{"line":19,"column":45}},"6":{"start":{"line":20,"column":23},"end":{"line":20,"column":69}},"7":{"start":{"line":21,"column":30},"end":{"line":21,"column":119}},"8":{"start":{"line":22,"column":30},"end":{"line":22,"column":77}},"9":{"start":{"line":23,"column":37},"end":{"line":23,"column":89}},"10":{"start":{"line":26,"column":12},"end":{"line":26,"column":45}},"11":{"start":{"line":26,"column":38},"end":{"line":26,"column":45}},"12":{"start":{"line":27,"column":12},"end":{"line":49,"column":13}},"13":{"start":{"line":29,"column":16},"end":{"line":29,"column":97}},"14":{"start":{"line":30,"column":16},"end":{"line":37,"column":20}},"15":{"start":{"line":40,"column":16},"end":{"line":40,"column":99}},"16":{"start":{"line":41,"column":16},"end":{"line":48,"column":20}},"17":{"start":{"line":50,"column":12},"end":{"line":50,"column":46}},"18":{"start":{"line":54,"column":4},"end":{"line":54,"column":14}}},"fnMap":{"0":{"name":"(anonymous_0)","decl":{"start":{"line":12,"column":40},"end":{"line":12,"column":41}},"loc":{"start":{"line":12,"column":66},"end":{"line":55,"column":1}},"line":12},"1":{"name":"(anonymous_1)","decl":{"start":{"line":18,"column":16},"end":{"line":18,"column":17}},"loc":{"start":{"line":18,"column":58},"end":{"line":51,"column":9}},"line":18}},"branchMap":{"0":{"loc":{"start":{"line":20,"column":23},"end":{"line":20,"column":69}},"type":"binary-expr","locations":[{"start":{"line":20,"column":23},"end":{"line":20,"column":60}},{"start":{"line":20,"column":64},"end":{"line":20,"column":69}}],"line":20},"1":{"loc":{"start":{"line":21,"column":30},"end":{"line":21,"column":119}},"type":"binary-expr","locations":[{"start":{"line":21,"column":30},"end":{"line":21,"column":68}},{"start":{"line":21,"column":72},"end":{"line":21,"column":119}}],"line":21},"2":{"loc":{"start":{"line":21,"column":79},"end":{"line":21,"column":117}},"type":"binary-expr","locations":[{"start":{"line":21,"column":79},"end":{"line":21,"column":100}},{"start":{"line":21,"column":104},"end":{"line":21,"column":117}}],"line":21},"3":{"loc":{"start":{"line":22,"column":37},"end":{"line":22,"column":75}},"type":"binary-expr","locations":[{"start":{"line":22,"column":37},"end":{"line":22,"column":58}},{"start":{"line":22,"column":62},"end":{"line":22,"column":75}}],"line":22},"4":{"loc":{"start":{"line":23,"column":37},"end":{"line":23,"column":89}},"type":"binary-expr","locations":[{"start":{"line":23,"column":37},"end":{"line":23,"column":61}},{"start":{"line":23,"column":65},"end":{"line":23,"column":89}}],"line":23},"5":{"loc":{"start":{"line":26,"column":12},"end":{"line":26,"column":45}},"type":"if","locations":[{"start":{"line":26,"column":12},"end":{"line":26,"column":45}},{"start":{},"end":{}}],"line":26},"6":{"loc":{"start":{"line":27,"column":12},"end":{"line":49,"column":13}},"type":"if","locations":[{"start":{"line":27,"column":12},"end":{"line":49,"column":13}},{"start":{"line":38,"column":19},"end":{"line":49,"column":13}}],"line":27},"7":{"loc":{"start":{"line":34,"column":84},"end":{"line":34,"column":127}},"type":"binary-expr","locations":[{"start":{"line":34,"column":84},"end":{"line":34,"column":122}},{"start":{"line":34,"column":126},"end":{"line":34,"column":127}}],"line":34},"8":{"loc":{"start":{"line":45,"column":87},"end":{"line":45,"column":130}},"type":"binary-expr","locations":[{"start":{"line":45,"column":87},"end":{"line":45,"column":125}},{"start":{"line":45,"column":129},"end":{"line":45,"column":130}}],"line":45}},"s":{"0":1,"1":1,"2":3,"3":3,"4":3,"5":2,"6":2,"7":2,"8":2,"9":2,"10":2,"11":0,"12":2,"13":1,"14":1,"15":1,"16":1,"17":2,"18":3},"f":{"0":3,"1":2},"b":{"0":[2,0],"1":[2,0],"2":[0,0],"3":[2,0],"4":[2,0],"5":[0,2],"6":[1,1],"7":[1,0],"8":[1,0]},"_coverageSchema":"1a1c01bbd47fc00a2c39e90264f33305004495a9","hash":"d0dabcf0309df675282285c0d42f6cd75b1f7c39"}
,"/Users/nicolasmaldiney/fragmentsCleanFront/app/contextWL/outboxWl/outbox.type.ts": {"path":"/Users/nicolasmaldiney/fragmentsCleanFront/app/contextWL/outboxWl/outbox.type.ts","statementMap":{"0":{"start":{"line":46,"column":28},"end":{"line":53,"column":10}},"1":{"start":{"line":57,"column":27},"end":{"line":63,"column":10}}},"fnMap":{},"branchMap":{},"s":{"0":3,"1":3},"f":{},"b":{},"_coverageSchema":"1a1c01bbd47fc00a2c39e90264f33305004495a9","hash":"212b02c5896f92f1f6955a5abc28a4b641c9af94"}
,"/Users/nicolasmaldiney/fragmentsCleanFront/app/contextWL/outboxWl/processOutbox.ts": {"path":"/Users/nicolasmaldiney/fragmentsCleanFront/app/contextWL/outboxWl/processOutbox.ts","statementMap":{"0":{"start":{"line":9,"column":30},"end":{"line":9,"column":81}},"1":{"start":{"line":10,"column":32},"end":{"line":10,"column":152}},"2":{"start":{"line":11,"column":26},"end":{"line":11,"column":89}},"3":{"start":{"line":12,"column":30},"end":{"line":12,"column":126}},"4":{"start":{"line":13,"column":31},"end":{"line":13,"column":101}},"5":{"start":{"line":14,"column":32},"end":{"line":14,"column":86}},"6":{"start":{"line":15,"column":32},"end":{"line":15,"column":85}},"7":{"start":{"line":16,"column":29},"end":{"line":16,"column":131}},"8":{"start":{"line":17,"column":30},"end":{"line":17,"column":156}},"9":{"start":{"line":19,"column":36},"end":{"line":151,"column":1}},"10":{"start":{"line":20,"column":33},"end":{"line":20,"column":59}},"11":{"start":{"line":21,"column":21},"end":{"line":21,"column":106}},"12":{"start":{"line":23,"column":4},"end":{"line":149,"column":6}},"13":{"start":{"line":26,"column":28},"end":{"line":26,"column":58}},"14":{"start":{"line":29,"column":23},"end":{"line":29,"column":31}},"15":{"start":{"line":30,"column":12},"end":{"line":30,"column":28}},"16":{"start":{"line":30,"column":21},"end":{"line":30,"column":28}},"17":{"start":{"line":32,"column":27},"end":{"line":32,"column":66}},"18":{"start":{"line":33,"column":12},"end":{"line":37,"column":13}},"19":{"start":{"line":35,"column":16},"end":{"line":35,"column":55}},"20":{"start":{"line":36,"column":16},"end":{"line":36,"column":23}},"21":{"start":{"line":39,"column":12},"end":{"line":39,"column":61}},"22":{"start":{"line":39,"column":54},"end":{"line":39,"column":61}},"23":{"start":{"line":40,"column":12},"end":{"line":40,"column":47}},"24":{"start":{"line":40,"column":40},"end":{"line":40,"column":47}},"25":{"start":{"line":41,"column":12},"end":{"line":41,"column":44}},"26":{"start":{"line":41,"column":37},"end":{"line":41,"column":44}},"27":{"start":{"line":42,"column":12},"end":{"line":42,"column":49}},"28":{"start":{"line":43,"column":12},"end":{"line":143,"column":13}},"29":{"start":{"line":44,"column":28},"end":{"line":44,"column":47}},"30":{"start":{"line":45,"column":16},"end":{"line":109,"column":17}},"31":{"start":{"line":47,"column":24},"end":{"line":52,"column":26}},"32":{"start":{"line":54,"column":28},"end":{"line":55,"column":71}},"33":{"start":{"line":56,"column":24},"end":{"line":56,"column":69}},"34":{"start":{"line":57,"column":24},"end":{"line":57,"column":63}},"35":{"start":{"line":59,"column":24},"end":{"line":59,"column":30}},"36":{"start":{"line":62,"column":24},"end":{"line":67,"column":27}},"37":{"start":{"line":69,"column":28},"end":{"line":70,"column":71}},"38":{"start":{"line":72,"column":24},"end":{"line":72,"column":68}},"39":{"start":{"line":73,"column":24},"end":{"line":73,"column":63}},"40":{"start":{"line":74,"column":24},"end":{"line":74,"column":30}},"41":{"start":{"line":77,"column":24},"end":{"line":81,"column":27}},"42":{"start":{"line":84,"column":28},"end":{"line":85,"column":71}},"43":{"start":{"line":87,"column":24},"end":{"line":87,"column":69}},"44":{"start":{"line":88,"column":24},"end":{"line":88,"column":63}},"45":{"start":{"line":89,"column":24},"end":{"line":89,"column":30}},"46":{"start":{"line":92,"column":24},"end":{"line":92,"column":140}},"47":{"start":{"line":93,"column":38},"end":{"line":93,"column":107}},"48":{"start":{"line":94,"column":24},"end":{"line":94,"column":69}},"49":{"start":{"line":95,"column":24},"end":{"line":95,"column":63}},"50":{"start":{"line":96,"column":24},"end":{"line":96,"column":30}},"51":{"start":{"line":99,"column":24},"end":{"line":99,"column":143}},"52":{"start":{"line":100,"column":38},"end":{"line":100,"column":107}},"53":{"start":{"line":101,"column":24},"end":{"line":101,"column":69}},"54":{"start":{"line":102,"column":24},"end":{"line":102,"column":63}},"55":{"start":{"line":103,"column":24},"end":{"line":103,"column":30}},"56":{"start":{"line":107,"column":24},"end":{"line":107,"column":60}},"57":{"start":{"line":108,"column":24},"end":{"line":108,"column":63}},"58":{"start":{"line":112,"column":28},"end":{"line":112,"column":53}},"59":{"start":{"line":113,"column":16},"end":{"line":120,"column":17}},"60":{"start":{"line":114,"column":20},"end":{"line":119,"column":22}},"61":{"start":{"line":121,"column":16},"end":{"line":127,"column":17}},"62":{"start":{"line":122,"column":20},"end":{"line":126,"column":24}},"63":{"start":{"line":128,"column":16},"end":{"line":136,"column":17}},"64":{"start":{"line":129,"column":30},"end":{"line":129,"column":46}},"65":{"start":{"line":130,"column":20},"end":{"line":135,"column":24}},"66":{"start":{"line":137,"column":16},"end":{"line":140,"column":17}},"67":{"start":{"line":138,"column":30},"end":{"line":138,"column":58}},"68":{"start":{"line":139,"column":20},"end":{"line":139,"column":143}},"69":{"start":{"line":141,"column":16},"end":{"line":141,"column":81}},"70":{"start":{"line":142,"column":16},"end":{"line":142,"column":55}},"71":{"start":{"line":144,"column":12},"end":{"line":147,"column":13}},"72":{"start":{"line":145,"column":16},"end":{"line":145,"column":27}},"73":{"start":{"line":146,"column":16},"end":{"line":146,"column":23}},"74":{"start":{"line":150,"column":4},"end":{"line":150,"column":32}}},"fnMap":{"0":{"name":"(anonymous_0)","decl":{"start":{"line":19,"column":36},"end":{"line":19,"column":37}},"loc":{"start":{"line":19,"column":84},"end":{"line":151,"column":1}},"line":19},"1":{"name":"(anonymous_1)","decl":{"start":{"line":25,"column":16},"end":{"line":25,"column":17}},"loc":{"start":{"line":25,"column":37},"end":{"line":148,"column":9}},"line":25}},"branchMap":{"0":{"loc":{"start":{"line":30,"column":12},"end":{"line":30,"column":28}},"type":"if","locations":[{"start":{"line":30,"column":12},"end":{"line":30,"column":28}},{"start":{},"end":{}}],"line":30},"1":{"loc":{"start":{"line":33,"column":12},"end":{"line":37,"column":13}},"type":"if","locations":[{"start":{"line":33,"column":12},"end":{"line":37,"column":13}},{"start":{},"end":{}}],"line":33},"2":{"loc":{"start":{"line":39,"column":12},"end":{"line":39,"column":61}},"type":"if","locations":[{"start":{"line":39,"column":12},"end":{"line":39,"column":61}},{"start":{},"end":{}}],"line":39},"3":{"loc":{"start":{"line":40,"column":12},"end":{"line":40,"column":47}},"type":"if","locations":[{"start":{"line":40,"column":12},"end":{"line":40,"column":47}},{"start":{},"end":{}}],"line":40},"4":{"loc":{"start":{"line":41,"column":12},"end":{"line":41,"column":44}},"type":"if","locations":[{"start":{"line":41,"column":12},"end":{"line":41,"column":44}},{"start":{},"end":{}}],"line":41},"5":{"loc":{"start":{"line":45,"column":16},"end":{"line":109,"column":17}},"type":"switch","locations":[{"start":{"line":46,"column":20},"end":{"line":60,"column":21}},{"start":{"line":61,"column":20},"end":{"line":75,"column":21}},{"start":{"line":76,"column":20},"end":{"line":90,"column":21}},{"start":{"line":91,"column":20},"end":{"line":97,"column":21}},{"start":{"line":98,"column":20},"end":{"line":104,"column":21}},{"start":{"line":105,"column":20},"end":{"line":108,"column":63}}],"line":45},"6":{"loc":{"start":{"line":54,"column":28},"end":{"line":55,"column":71}},"type":"binary-expr","locations":[{"start":{"line":54,"column":28},"end":{"line":54,"column":52}},{"start":{"line":55,"column":28},"end":{"line":55,"column":71}}],"line":54},"7":{"loc":{"start":{"line":69,"column":28},"end":{"line":70,"column":71}},"type":"binary-expr","locations":[{"start":{"line":69,"column":28},"end":{"line":69,"column":52}},{"start":{"line":70,"column":28},"end":{"line":70,"column":71}}],"line":69},"8":{"loc":{"start":{"line":84,"column":28},"end":{"line":85,"column":71}},"type":"binary-expr","locations":[{"start":{"line":84,"column":28},"end":{"line":84,"column":52}},{"start":{"line":85,"column":28},"end":{"line":85,"column":71}}],"line":84},"9":{"loc":{"start":{"line":93,"column":38},"end":{"line":93,"column":107}},"type":"binary-expr","locations":[{"start":{"line":93,"column":38},"end":{"line":93,"column":62}},{"start":{"line":93,"column":66},"end":{"line":93,"column":107}}],"line":93},"10":{"loc":{"start":{"line":100,"column":38},"end":{"line":100,"column":107}},"type":"binary-expr","locations":[{"start":{"line":100,"column":38},"end":{"line":100,"column":62}},{"start":{"line":100,"column":66},"end":{"line":100,"column":107}}],"line":100},"11":{"loc":{"start":{"line":113,"column":16},"end":{"line":120,"column":17}},"type":"if","locations":[{"start":{"line":113,"column":16},"end":{"line":120,"column":17}},{"start":{},"end":{}}],"line":113},"12":{"loc":{"start":{"line":121,"column":16},"end":{"line":127,"column":17}},"type":"if","locations":[{"start":{"line":121,"column":16},"end":{"line":127,"column":17}},{"start":{},"end":{}}],"line":121},"13":{"loc":{"start":{"line":128,"column":16},"end":{"line":136,"column":17}},"type":"if","locations":[{"start":{"line":128,"column":16},"end":{"line":136,"column":17}},{"start":{},"end":{}}],"line":128},"14":{"loc":{"start":{"line":137,"column":16},"end":{"line":140,"column":17}},"type":"if","locations":[{"start":{"line":137,"column":16},"end":{"line":140,"column":17}},{"start":{},"end":{}}],"line":137},"15":{"loc":{"start":{"line":137,"column":20},"end":{"line":137,"column":109}},"type":"binary-expr","locations":[{"start":{"line":137,"column":20},"end":{"line":137,"column":61}},{"start":{"line":137,"column":65},"end":{"line":137,"column":109}}],"line":137},"16":{"loc":{"start":{"line":141,"column":60},"end":{"line":141,"column":75}},"type":"binary-expr","locations":[{"start":{"line":141,"column":60},"end":{"line":141,"column":70}},{"start":{"line":141,"column":74},"end":{"line":141,"column":75}}],"line":141},"17":{"loc":{"start":{"line":144,"column":12},"end":{"line":147,"column":13}},"type":"if","locations":[{"start":{"line":144,"column":12},"end":{"line":147,"column":13}},{"start":{},"end":{}}],"line":144}},"s":{"0":3,"1":3,"2":3,"3":3,"4":3,"5":3,"6":3,"7":3,"8":3,"9":3,"10":0,"11":0,"12":0,"13":0,"14":0,"15":0,"16":0,"17":0,"18":0,"19":0,"20":0,"21":0,"22":0,"23":0,"24":0,"25":0,"26":0,"27":0,"28":0,"29":0,"30":0,"31":0,"32":0,"33":0,"34":0,"35":0,"36":0,"37":0,"38":0,"39":0,"40":0,"41":0,"42":0,"43":0,"44":0,"45":0,"46":0,"47":0,"48":0,"49":0,"50":0,"51":0,"52":0,"53":0,"54":0,"55":0,"56":0,"57":0,"58":0,"59":0,"60":0,"61":0,"62":0,"63":0,"64":0,"65":0,"66":0,"67":0,"68":0,"69":0,"70":0,"71":0,"72":0,"73":0,"74":0},"f":{"0":0,"1":0},"b":{"0":[0,0],"1":[0,0],"2":[0,0],"3":[0,0],"4":[0,0],"5":[0,0,0,0,0,0],"6":[0,0],"7":[0,0],"8":[0,0],"9":[0,0],"10":[0,0],"11":[0,0],"12":[0,0],"13":[0,0],"14":[0,0],"15":[0,0],"16":[0,0],"17":[0,0]},"_coverageSchema":"1a1c01bbd47fc00a2c39e90264f33305004495a9","hash":"b059653349f19d0baa505178baff9a1df217b077"}
,"/Users/nicolasmaldiney/fragmentsCleanFront/app/contextWL/outboxWl/reducer/outboxWl.reducer.ts": {"path":"/Users/nicolasmaldiney/fragmentsCleanFront/app/contextWL/outboxWl/reducer/outboxWl.reducer.ts","statementMap":{"0":{"start":{"line":11,"column":42},"end":{"line":15,"column":1}},"1":{"start":{"line":17,"column":31},"end":{"line":68,"column":6}},"2":{"start":{"line":20,"column":8},"end":{"line":67,"column":14}},"3":{"start":{"line":22,"column":47},"end":{"line":22,"column":61}},"4":{"start":{"line":23,"column":30},"end":{"line":23,"column":52}},"5":{"start":{"line":25,"column":16},"end":{"line":25,"column":53}},"6":{"start":{"line":25,"column":46},"end":{"line":25,"column":53}},"7":{"start":{"line":26,"column":16},"end":{"line":32,"column":18}},"8":{"start":{"line":33,"column":16},"end":{"line":33,"column":37}},"9":{"start":{"line":34,"column":16},"end":{"line":34,"column":46}},"10":{"start":{"line":35,"column":16},"end":{"line":35,"column":23}},"11":{"start":{"line":38,"column":26},"end":{"line":38,"column":55}},"12":{"start":{"line":39,"column":16},"end":{"line":39,"column":70}},"13":{"start":{"line":39,"column":63},"end":{"line":39,"column":70}},"14":{"start":{"line":40,"column":16},"end":{"line":40,"column":50}},"15":{"start":{"line":41,"column":16},"end":{"line":41,"column":32}},"16":{"start":{"line":44,"column":36},"end":{"line":44,"column":50}},"17":{"start":{"line":45,"column":26},"end":{"line":45,"column":40}},"18":{"start":{"line":46,"column":16},"end":{"line":46,"column":31}},"19":{"start":{"line":46,"column":24},"end":{"line":46,"column":31}},"20":{"start":{"line":47,"column":16},"end":{"line":47,"column":46}},"21":{"start":{"line":48,"column":16},"end":{"line":48,"column":36}},"22":{"start":{"line":51,"column":29},"end":{"line":51,"column":43}},"23":{"start":{"line":52,"column":16},"end":{"line":52,"column":66}},"24":{"start":{"line":52,"column":56},"end":{"line":52,"column":64}},"25":{"start":{"line":55,"column":36},"end":{"line":55,"column":50}},"26":{"start":{"line":56,"column":28},"end":{"line":56,"column":42}},"27":{"start":{"line":57,"column":16},"end":{"line":57,"column":33}},"28":{"start":{"line":57,"column":26},"end":{"line":57,"column":33}},"29":{"start":{"line":58,"column":16},"end":{"line":58,"column":52}},"30":{"start":{"line":59,"column":16},"end":{"line":59,"column":40}},"31":{"start":{"line":62,"column":29},"end":{"line":62,"column":43}},"32":{"start":{"line":63,"column":26},"end":{"line":63,"column":40}},"33":{"start":{"line":64,"column":16},"end":{"line":64,"column":31}},"34":{"start":{"line":64,"column":24},"end":{"line":64,"column":31}},"35":{"start":{"line":65,"column":16},"end":{"line":65,"column":38}},"36":{"start":{"line":66,"column":16},"end":{"line":66,"column":67}}},"fnMap":{"0":{"name":"(anonymous_0)","decl":{"start":{"line":19,"column":4},"end":{"line":19,"column":5}},"loc":{"start":{"line":19,"column":17},"end":{"line":68,"column":5}},"line":19},"1":{"name":"(anonymous_1)","decl":{"start":{"line":21,"column":39},"end":{"line":21,"column":40}},"loc":{"start":{"line":21,"column":58},"end":{"line":36,"column":13}},"line":21},"2":{"name":"(anonymous_2)","decl":{"start":{"line":37,"column":37},"end":{"line":37,"column":38}},"loc":{"start":{"line":37,"column":56},"end":{"line":42,"column":13}},"line":37},"3":{"name":"(anonymous_3)","decl":{"start":{"line":43,"column":33},"end":{"line":43,"column":34}},"loc":{"start":{"line":43,"column":52},"end":{"line":49,"column":13}},"line":43},"4":{"name":"(anonymous_4)","decl":{"start":{"line":50,"column":39},"end":{"line":50,"column":40}},"loc":{"start":{"line":50,"column":58},"end":{"line":53,"column":17}},"line":50},"5":{"name":"(anonymous_5)","decl":{"start":{"line":52,"column":49},"end":{"line":52,"column":50}},"loc":{"start":{"line":52,"column":56},"end":{"line":52,"column":64}},"line":52},"6":{"name":"(anonymous_6)","decl":{"start":{"line":54,"column":38},"end":{"line":54,"column":39}},"loc":{"start":{"line":54,"column":57},"end":{"line":60,"column":17}},"line":54},"7":{"name":"(anonymous_7)","decl":{"start":{"line":61,"column":36},"end":{"line":61,"column":37}},"loc":{"start":{"line":61,"column":55},"end":{"line":67,"column":13}},"line":61}},"branchMap":{"0":{"loc":{"start":{"line":25,"column":16},"end":{"line":25,"column":53}},"type":"if","locations":[{"start":{"line":25,"column":16},"end":{"line":25,"column":53}},{"start":{},"end":{}}],"line":25},"1":{"loc":{"start":{"line":39,"column":16},"end":{"line":39,"column":70}},"type":"if","locations":[{"start":{"line":39,"column":16},"end":{"line":39,"column":70}},{"start":{},"end":{}}],"line":39},"2":{"loc":{"start":{"line":39,"column":20},"end":{"line":39,"column":61}},"type":"binary-expr","locations":[{"start":{"line":39,"column":20},"end":{"line":39,"column":22}},{"start":{"line":39,"column":26},"end":{"line":39,"column":61}}],"line":39},"3":{"loc":{"start":{"line":46,"column":16},"end":{"line":46,"column":31}},"type":"if","locations":[{"start":{"line":46,"column":16},"end":{"line":46,"column":31}},{"start":{},"end":{}}],"line":46},"4":{"loc":{"start":{"line":57,"column":16},"end":{"line":57,"column":33}},"type":"if","locations":[{"start":{"line":57,"column":16},"end":{"line":57,"column":33}},{"start":{},"end":{}}],"line":57},"5":{"loc":{"start":{"line":64,"column":16},"end":{"line":64,"column":31}},"type":"if","locations":[{"start":{"line":64,"column":16},"end":{"line":64,"column":31}},{"start":{},"end":{}}],"line":64}},"s":{"0":3,"1":3,"2":3,"3":4,"4":4,"5":4,"6":0,"7":4,"8":4,"9":4,"10":4,"11":0,"12":0,"13":0,"14":0,"15":0,"16":0,"17":0,"18":0,"19":0,"20":0,"21":0,"22":0,"23":0,"24":0,"25":0,"26":0,"27":0,"28":0,"29":0,"30":0,"31":2,"32":2,"33":2,"34":0,"35":2,"36":2},"f":{"0":3,"1":4,"2":0,"3":0,"4":0,"5":0,"6":0,"7":2},"b":{"0":[0,4],"1":[0,0],"2":[0,0],"3":[0,0],"4":[0,0],"5":[0,2]},"_coverageSchema":"1a1c01bbd47fc00a2c39e90264f33305004495a9","hash":"47e5c121090e20582f33331b45330865b950daec"}
,"/Users/nicolasmaldiney/fragmentsCleanFront/app/store/reduxStoreWl.ts": {"path":"/Users/nicolasmaldiney/fragmentsCleanFront/app/store/reduxStoreWl.ts","statementMap":{"0":{"start":{"line":11,"column":32},"end":{"line":36,"column":1}},"1":{"start":{"line":16,"column":4},"end":{"line":35,"column":7}},"2":{"start":{"line":24,"column":31},"end":{"line":29,"column":14}},"3":{"start":{"line":30,"column":12},"end":{"line":32,"column":29}}},"fnMap":{"0":{"name":"(anonymous_0)","decl":{"start":{"line":11,"column":32},"end":{"line":11,"column":33}},"loc":{"start":{"line":15,"column":6},"end":{"line":36,"column":1}},"line":15},"1":{"name":"(anonymous_1)","decl":{"start":{"line":23,"column":20},"end":{"line":23,"column":21}},"loc":{"start":{"line":23,"column":46},"end":{"line":33,"column":9}},"line":23}},"branchMap":{"0":{"loc":{"start":{"line":21,"column":16},"end":{"line":21,"column":42}},"type":"binary-expr","locations":[{"start":{"line":21,"column":16},"end":{"line":21,"column":36}},{"start":{"line":21,"column":40},"end":{"line":21,"column":42}}],"line":21},"1":{"loc":{"start":{"line":30,"column":19},"end":{"line":32,"column":28}},"type":"cond-expr","locations":[{"start":{"line":31,"column":18},"end":{"line":31,"column":57}},{"start":{"line":32,"column":18},"end":{"line":32,"column":28}}],"line":30}},"s":{"0":3,"1":7,"2":7,"3":7},"f":{"0":7,"1":7},"b":{"0":[7,7],"1":[5,2]},"_coverageSchema":"1a1c01bbd47fc00a2c39e90264f33305004495a9","hash":"bc7f86439afdfb6fac12713072a15bdf8197f555"}
}
