{"/Users/nicolasmaldiney/fragmentsCleanFront/app/core-logic/reducers/authReducer.ts": {"path":"/Users/nicolasmaldiney/fragmentsCleanFront/app/core-logic/reducers/authReducer.ts","statementMap":{"0":{"start":{"line":5,"column":43},"end":{"line":12,"column":1}},"1":{"start":{"line":14,"column":27},"end":{"line":22,"column":1}},"2":{"start":{"line":17,"column":8},"end":{"line":20,"column":14}},"3":{"start":{"line":19,"column":16},"end":{"line":19,"column":48}}},"fnMap":{"0":{"name":"(anonymous_0)","decl":{"start":{"line":16,"column":4},"end":{"line":16,"column":5}},"loc":{"start":{"line":16,"column":17},"end":{"line":21,"column":5}},"line":16},"1":{"name":"(anonymous_1)","decl":{"start":{"line":18,"column":46},"end":{"line":18,"column":47}},"loc":{"start":{"line":18,"column":65},"end":{"line":20,"column":13}},"line":18}},"branchMap":{},"s":{"0":1,"1":1,"2":1,"3":1},"f":{"0":1,"1":1},"b":{},"_coverageSchema":"1a1c01bbd47fc00a2c39e90264f33305004495a9","hash":"8f2ef21ca4ee91014335384a6b7cdee77e4812fc"}
,"/Users/nicolasmaldiney/fragmentsCleanFront/app/core-logic/reducers/coffeeRetrievalReducer.ts": {"path":"/Users/nicolasmaldiney/fragmentsCleanFront/app/core-logic/reducers/coffeeRetrievalReducer.ts","statementMap":{"0":{"start":{"line":5,"column":50},"end":{"line":7,"column":1}},"1":{"start":{"line":9,"column":38},"end":{"line":17,"column":1}},"2":{"start":{"line":12,"column":8},"end":{"line":15,"column":14}},"3":{"start":{"line":14,"column":16},"end":{"line":14,"column":48}}},"fnMap":{"0":{"name":"(anonymous_0)","decl":{"start":{"line":11,"column":4},"end":{"line":11,"column":5}},"loc":{"start":{"line":11,"column":17},"end":{"line":16,"column":5}},"line":11},"1":{"name":"(anonymous_1)","decl":{"start":{"line":13,"column":38},"end":{"line":13,"column":39}},"loc":{"start":{"line":13,"column":53},"end":{"line":15,"column":13}},"line":13}},"branchMap":{},"s":{"0":1,"1":1,"2":1,"3":0},"f":{"0":1,"1":0},"b":{},"_coverageSchema":"1a1c01bbd47fc00a2c39e90264f33305004495a9","hash":"f2f915b9204bc0686a8c45bcb302b52754866d10"}
,"/Users/nicolasmaldiney/fragmentsCleanFront/app/core-logic/reducers/commentRetrievalReducer.ts": {"path":"/Users/nicolasmaldiney/fragmentsCleanFront/app/core-logic/reducers/commentRetrievalReducer.ts","statementMap":{"0":{"start":{"line":8,"column":51},"end":{"line":10,"column":1}},"1":{"start":{"line":12,"column":38},"end":{"line":29,"column":1}},"2":{"start":{"line":15,"column":8},"end":{"line":27,"column":14}},"3":{"start":{"line":17,"column":16},"end":{"line":17,"column":45}},"4":{"start":{"line":20,"column":16},"end":{"line":20,"column":60}},"5":{"start":{"line":23,"column":16},"end":{"line":23,"column":115}},"6":{"start":{"line":23,"column":55},"end":{"line":23,"column":114}},"7":{"start":{"line":26,"column":16},"end":{"line":26,"column":88}},"8":{"start":{"line":26,"column":57},"end":{"line":26,"column":86}}},"fnMap":{"0":{"name":"(anonymous_0)","decl":{"start":{"line":14,"column":4},"end":{"line":14,"column":5}},"loc":{"start":{"line":14,"column":17},"end":{"line":28,"column":5}},"line":14},"1":{"name":"(anonymous_1)","decl":{"start":{"line":16,"column":39},"end":{"line":16,"column":40}},"loc":{"start":{"line":16,"column":54},"end":{"line":18,"column":13}},"line":16},"2":{"name":"(anonymous_2)","decl":{"start":{"line":19,"column":37},"end":{"line":19,"column":38}},"loc":{"start":{"line":19,"column":56},"end":{"line":21,"column":13}},"line":19},"3":{"name":"(anonymous_3)","decl":{"start":{"line":22,"column":37},"end":{"line":22,"column":38}},"loc":{"start":{"line":22,"column":56},"end":{"line":24,"column":13}},"line":22},"4":{"name":"(anonymous_4)","decl":{"start":{"line":23,"column":44},"end":{"line":23,"column":45}},"loc":{"start":{"line":23,"column":55},"end":{"line":23,"column":114}},"line":23},"5":{"name":"(anonymous_5)","decl":{"start":{"line":25,"column":37},"end":{"line":25,"column":38}},"loc":{"start":{"line":25,"column":56},"end":{"line":27,"column":13}},"line":25},"6":{"name":"(anonymous_6)","decl":{"start":{"line":26,"column":47},"end":{"line":26,"column":48}},"loc":{"start":{"line":26,"column":57},"end":{"line":26,"column":86}},"line":26}},"branchMap":{"0":{"loc":{"start":{"line":23,"column":55},"end":{"line":23,"column":114}},"type":"cond-expr","locations":[{"start":{"line":23,"column":90},"end":{"line":23,"column":104}},{"start":{"line":23,"column":107},"end":{"line":23,"column":114}}],"line":23}},"s":{"0":1,"1":1,"2":1,"3":0,"4":0,"5":0,"6":0,"7":0,"8":0},"f":{"0":1,"1":0,"2":0,"3":0,"4":0,"5":0,"6":0},"b":{"0":[0,0]},"_coverageSchema":"1a1c01bbd47fc00a2c39e90264f33305004495a9","hash":"9510674ec46451938ee0a5a8987e1ac4ead0053e"}
,"/Users/nicolasmaldiney/fragmentsCleanFront/app/core-logic/reducers/likeRetrievalReducer.ts": {"path":"/Users/nicolasmaldiney/fragmentsCleanFront/app/core-logic/reducers/likeRetrievalReducer.ts","statementMap":{"0":{"start":{"line":7,"column":48},"end":{"line":9,"column":1}},"1":{"start":{"line":11,"column":36},"end":{"line":25,"column":1}},"2":{"start":{"line":14,"column":8},"end":{"line":23,"column":14}},"3":{"start":{"line":16,"column":16},"end":{"line":16,"column":45}},"4":{"start":{"line":19,"column":16},"end":{"line":19,"column":62}},"5":{"start":{"line":22,"column":16},"end":{"line":22,"column":79}},"6":{"start":{"line":22,"column":53},"end":{"line":22,"column":76}}},"fnMap":{"0":{"name":"(anonymous_0)","decl":{"start":{"line":13,"column":4},"end":{"line":13,"column":5}},"loc":{"start":{"line":13,"column":17},"end":{"line":24,"column":5}},"line":13},"1":{"name":"(anonymous_1)","decl":{"start":{"line":15,"column":36},"end":{"line":15,"column":37}},"loc":{"start":{"line":15,"column":51},"end":{"line":17,"column":13}},"line":15},"2":{"name":"(anonymous_2)","decl":{"start":{"line":18,"column":34},"end":{"line":18,"column":35}},"loc":{"start":{"line":18,"column":53},"end":{"line":20,"column":13}},"line":18},"3":{"name":"(anonymous_3)","decl":{"start":{"line":21,"column":36},"end":{"line":21,"column":37}},"loc":{"start":{"line":21,"column":55},"end":{"line":23,"column":13}},"line":21},"4":{"name":"(anonymous_4)","decl":{"start":{"line":22,"column":48},"end":{"line":22,"column":49}},"loc":{"start":{"line":22,"column":53},"end":{"line":22,"column":76}},"line":22}},"branchMap":{},"s":{"0":1,"1":1,"2":1,"3":0,"4":0,"5":0,"6":0},"f":{"0":1,"1":0,"2":0,"3":0,"4":0},"b":{},"_coverageSchema":"1a1c01bbd47fc00a2c39e90264f33305004495a9","hash":"520a8b9cfbe03abf1fd637727382d003e6f16c6a"}
,"/Users/nicolasmaldiney/fragmentsCleanFront/app/core-logic/reducers/ticketReducer.ts": {"path":"/Users/nicolasmaldiney/fragmentsCleanFront/app/core-logic/reducers/ticketReducer.ts","statementMap":{"0":{"start":{"line":20,"column":34},"end":{"line":26,"column":1}},"1":{"start":{"line":28,"column":14},"end":{"line":72,"column":2}},"2":{"start":{"line":33,"column":8},"end":{"line":37,"column":11}},"3":{"start":{"line":34,"column":64},"end":{"line":34,"column":73}},"4":{"start":{"line":35,"column":12},"end":{"line":35,"column":59}},"5":{"start":{"line":35,"column":35},"end":{"line":35,"column":59}},"6":{"start":{"line":36,"column":12},"end":{"line":36,"column":95}},"7":{"start":{"line":38,"column":8},"end":{"line":40,"column":11}},"8":{"start":{"line":39,"column":22},"end":{"line":39,"column":48}},"9":{"start":{"line":39,"column":50},"end":{"line":39,"column":80}},"10":{"start":{"line":39,"column":57},"end":{"line":39,"column":80}},"11":{"start":{"line":41,"column":8},"end":{"line":43,"column":11}},"12":{"start":{"line":42,"column":12},"end":{"line":42,"column":65}},"13":{"start":{"line":44,"column":8},"end":{"line":46,"column":11}},"14":{"start":{"line":45,"column":22},"end":{"line":45,"column":48}},"15":{"start":{"line":45,"column":50},"end":{"line":45,"column":115}},"16":{"start":{"line":45,"column":59},"end":{"line":45,"column":80}},"17":{"start":{"line":45,"column":81},"end":{"line":45,"column":113}},"18":{"start":{"line":47,"column":8},"end":{"line":60,"column":11}},"19":{"start":{"line":48,"column":41},"end":{"line":48,"column":50}},"20":{"start":{"line":49,"column":22},"end":{"line":49,"column":38}},"21":{"start":{"line":50,"column":12},"end":{"line":56,"column":13}},"22":{"start":{"line":52,"column":16},"end":{"line":52,"column":40}},"23":{"start":{"line":53,"column":16},"end":{"line":53,"column":121}},"24":{"start":{"line":55,"column":16},"end":{"line":55,"column":23}},"25":{"start":{"line":58,"column":12},"end":{"line":58,"column":33}},"26":{"start":{"line":59,"column":12},"end":{"line":59,"column":55}},"27":{"start":{"line":61,"column":8},"end":{"line":70,"column":11}},"28":{"start":{"line":62,"column":54},"end":{"line":62,"column":63}},"29":{"start":{"line":63,"column":22},"end":{"line":63,"column":38}},"30":{"start":{"line":63,"column":40},"end":{"line":63,"column":55}},"31":{"start":{"line":63,"column":48},"end":{"line":63,"column":55}},"32":{"start":{"line":64,"column":12},"end":{"line":69,"column":13}},"33":{"start":{"line":65,"column":16},"end":{"line":65,"column":39}},"34":{"start":{"line":65,"column":40},"end":{"line":65,"column":67}},"35":{"start":{"line":65,"column":68},"end":{"line":65,"column":91}},"36":{"start":{"line":66,"column":16},"end":{"line":66,"column":102}},"37":{"start":{"line":66,"column":49},"end":{"line":66,"column":81}},"38":{"start":{"line":66,"column":82},"end":{"line":66,"column":100}},"39":{"start":{"line":68,"column":16},"end":{"line":68,"column":37}},"40":{"start":{"line":68,"column":38},"end":{"line":68,"column":79}},"41":{"start":{"line":74,"column":29},"end":{"line":74,"column":42}}},"fnMap":{"0":{"name":"(anonymous_0)","decl":{"start":{"line":32,"column":19},"end":{"line":32,"column":20}},"loc":{"start":{"line":32,"column":26},"end":{"line":71,"column":5}},"line":32},"1":{"name":"(anonymous_1)","decl":{"start":{"line":33,"column":33},"end":{"line":33,"column":34}},"loc":{"start":{"line":33,"column":43},"end":{"line":37,"column":9}},"line":33},"2":{"name":"(anonymous_2)","decl":{"start":{"line":38,"column":35},"end":{"line":38,"column":36}},"loc":{"start":{"line":38,"column":45},"end":{"line":40,"column":9}},"line":38},"3":{"name":"(anonymous_3)","decl":{"start":{"line":41,"column":36},"end":{"line":41,"column":37}},"loc":{"start":{"line":41,"column":46},"end":{"line":43,"column":9}},"line":41},"4":{"name":"(anonymous_4)","decl":{"start":{"line":44,"column":35},"end":{"line":44,"column":36}},"loc":{"start":{"line":44,"column":45},"end":{"line":46,"column":9}},"line":44},"5":{"name":"(anonymous_5)","decl":{"start":{"line":47,"column":32},"end":{"line":47,"column":33}},"loc":{"start":{"line":47,"column":42},"end":{"line":60,"column":9}},"line":47},"6":{"name":"(anonymous_6)","decl":{"start":{"line":61,"column":38},"end":{"line":61,"column":39}},"loc":{"start":{"line":61,"column":48},"end":{"line":70,"column":9}},"line":61}},"branchMap":{"0":{"loc":{"start":{"line":35,"column":12},"end":{"line":35,"column":59}},"type":"if","locations":[{"start":{"line":35,"column":12},"end":{"line":35,"column":59}},{"start":{},"end":{}}],"line":35},"1":{"loc":{"start":{"line":39,"column":50},"end":{"line":39,"column":80}},"type":"if","locations":[{"start":{"line":39,"column":50},"end":{"line":39,"column":80}},{"start":{},"end":{}}],"line":39},"2":{"loc":{"start":{"line":45,"column":50},"end":{"line":45,"column":115}},"type":"if","locations":[{"start":{"line":45,"column":50},"end":{"line":45,"column":115}},{"start":{},"end":{}}],"line":45},"3":{"loc":{"start":{"line":50,"column":12},"end":{"line":56,"column":13}},"type":"if","locations":[{"start":{"line":50,"column":12},"end":{"line":56,"column":13}},{"start":{},"end":{}}],"line":50},"4":{"loc":{"start":{"line":53,"column":80},"end":{"line":53,"column":104}},"type":"binary-expr","locations":[{"start":{"line":53,"column":80},"end":{"line":53,"column":86}},{"start":{"line":53,"column":90},"end":{"line":53,"column":104}}],"line":53},"5":{"loc":{"start":{"line":59,"column":30},"end":{"line":59,"column":54}},"type":"binary-expr","locations":[{"start":{"line":59,"column":30},"end":{"line":59,"column":36}},{"start":{"line":59,"column":40},"end":{"line":59,"column":54}}],"line":59},"6":{"loc":{"start":{"line":63,"column":40},"end":{"line":63,"column":55}},"type":"if","locations":[{"start":{"line":63,"column":40},"end":{"line":63,"column":55}},{"start":{},"end":{}}],"line":63},"7":{"loc":{"start":{"line":64,"column":12},"end":{"line":69,"column":13}},"type":"if","locations":[{"start":{"line":64,"column":12},"end":{"line":69,"column":13}},{"start":{"line":67,"column":19},"end":{"line":69,"column":13}}],"line":64},"8":{"loc":{"start":{"line":66,"column":16},"end":{"line":66,"column":102}},"type":"if","locations":[{"start":{"line":66,"column":16},"end":{"line":66,"column":102}},{"start":{},"end":{}}],"line":66},"9":{"loc":{"start":{"line":68,"column":56},"end":{"line":68,"column":78}},"type":"binary-expr","locations":[{"start":{"line":68,"column":56},"end":{"line":68,"column":62}},{"start":{"line":68,"column":66},"end":{"line":68,"column":78}}],"line":68}},"s":{"0":1,"1":1,"2":1,"3":0,"4":0,"5":0,"6":0,"7":1,"8":0,"9":0,"10":0,"11":1,"12":0,"13":1,"14":0,"15":0,"16":0,"17":0,"18":1,"19":0,"20":0,"21":0,"22":0,"23":0,"24":0,"25":0,"26":0,"27":1,"28":0,"29":0,"30":0,"31":0,"32":0,"33":0,"34":0,"35":0,"36":0,"37":0,"38":0,"39":0,"40":0,"41":1},"f":{"0":1,"1":0,"2":0,"3":0,"4":0,"5":0,"6":0},"b":{"0":[0,0],"1":[0,0],"2":[0,0],"3":[0,0],"4":[0,0],"5":[0,0],"6":[0,0],"7":[0,0],"8":[0,0],"9":[0,0]},"_coverageSchema":"1a1c01bbd47fc00a2c39e90264f33305004495a9","hash":"7edba2289191696f693bc77367ab1fabd9ca0237"}
,"/Users/nicolasmaldiney/fragmentsCleanFront/app/core-logic/reducers/userAuthReducer.ts": {"path":"/Users/nicolasmaldiney/fragmentsCleanFront/app/core-logic/reducers/userAuthReducer.ts","statementMap":{"0":{"start":{"line":7,"column":44},"end":{"line":16,"column":1}},"1":{"start":{"line":21,"column":31},"end":{"line":57,"column":1}},"2":{"start":{"line":24,"column":8},"end":{"line":49,"column":14}},"3":{"start":{"line":26,"column":16},"end":{"line":26,"column":48}},"4":{"start":{"line":27,"column":16},"end":{"line":27,"column":35}},"5":{"start":{"line":30,"column":41},"end":{"line":30,"column":55}},"6":{"start":{"line":31,"column":16},"end":{"line":31,"column":47}},"7":{"start":{"line":32,"column":16},"end":{"line":32,"column":34}},"8":{"start":{"line":33,"column":16},"end":{"line":33,"column":55}},"9":{"start":{"line":34,"column":16},"end":{"line":34,"column":57}},"10":{"start":{"line":35,"column":16},"end":{"line":35,"column":51}},"11":{"start":{"line":36,"column":16},"end":{"line":36,"column":35}},"12":{"start":{"line":39,"column":16},"end":{"line":39,"column":39}},"13":{"start":{"line":40,"column":16},"end":{"line":40,"column":45}},"14":{"start":{"line":43,"column":16},"end":{"line":43,"column":43}},"15":{"start":{"line":44,"column":16},"end":{"line":44,"column":34}},"16":{"start":{"line":45,"column":16},"end":{"line":45,"column":41}},"17":{"start":{"line":46,"column":16},"end":{"line":46,"column":42}},"18":{"start":{"line":47,"column":16},"end":{"line":47,"column":39}},"19":{"start":{"line":48,"column":16},"end":{"line":48,"column":35}},"20":{"start":{"line":50,"column":12},"end":{"line":53,"column":15}},"21":{"start":{"line":51,"column":16},"end":{"line":51,"column":63}},"22":{"start":{"line":52,"column":16},"end":{"line":52,"column":59}}},"fnMap":{"0":{"name":"(anonymous_0)","decl":{"start":{"line":23,"column":4},"end":{"line":23,"column":5}},"loc":{"start":{"line":23,"column":17},"end":{"line":56,"column":5}},"line":23},"1":{"name":"(anonymous_1)","decl":{"start":{"line":25,"column":37},"end":{"line":25,"column":38}},"loc":{"start":{"line":25,"column":56},"end":{"line":28,"column":13}},"line":25},"2":{"name":"(anonymous_2)","decl":{"start":{"line":29,"column":37},"end":{"line":29,"column":38}},"loc":{"start":{"line":29,"column":56},"end":{"line":37,"column":13}},"line":29},"3":{"name":"(anonymous_3)","decl":{"start":{"line":38,"column":34},"end":{"line":38,"column":35}},"loc":{"start":{"line":38,"column":53},"end":{"line":41,"column":13}},"line":38},"4":{"name":"(anonymous_4)","decl":{"start":{"line":42,"column":36},"end":{"line":42,"column":37}},"loc":{"start":{"line":42,"column":50},"end":{"line":49,"column":13}},"line":42},"5":{"name":"(anonymous_5)","decl":{"start":{"line":50,"column":45},"end":{"line":50,"column":46}},"loc":{"start":{"line":50,"column":64},"end":{"line":53,"column":13}},"line":50}},"branchMap":{},"s":{"0":1,"1":1,"2":1,"3":0,"4":0,"5":0,"6":0,"7":0,"8":0,"9":0,"10":0,"11":0,"12":0,"13":0,"14":0,"15":0,"16":0,"17":0,"18":0,"19":0,"20":1,"21":0,"22":0},"f":{"0":1,"1":0,"2":0,"3":0,"4":0,"5":0},"b":{},"_coverageSchema":"1a1c01bbd47fc00a2c39e90264f33305004495a9","hash":"e6b75e893946e0ebc5827923a023e6bf52575963"}
,"/Users/nicolasmaldiney/fragmentsCleanFront/app/core-logic/use-cases/auth/onGoogleAuth.ts": {"path":"/Users/nicolasmaldiney/fragmentsCleanFront/app/core-logic/use-cases/auth/onGoogleAuth.ts","statementMap":{"0":{"start":{"line":12,"column":31},"end":{"line":12,"column":72}},"1":{"start":{"line":13,"column":31},"end":{"line":13,"column":94}},"2":{"start":{"line":14,"column":31},"end":{"line":14,"column":67}},"3":{"start":{"line":17,"column":35},"end":{"line":49,"column":1}},"4":{"start":{"line":21,"column":25},"end":{"line":21,"column":51}},"5":{"start":{"line":22,"column":21},"end":{"line":25,"column":5}},"6":{"start":{"line":27,"column":4},"end":{"line":46,"column":7}},"7":{"start":{"line":31,"column":12},"end":{"line":44,"column":21}},"8":{"start":{"line":32,"column":16},"end":{"line":43,"column":17}},"9":{"start":{"line":33,"column":45},"end":{"line":33,"column":81}},"10":{"start":{"line":34,"column":20},"end":{"line":34,"column":67}},"11":{"start":{"line":37,"column":20},"end":{"line":40,"column":23}},"12":{"start":{"line":42,"column":20},"end":{"line":42,"column":31}},"13":{"start":{"line":48,"column":4},"end":{"line":48,"column":24}}},"fnMap":{"0":{"name":"(anonymous_0)","decl":{"start":{"line":17,"column":35},"end":{"line":17,"column":36}},"loc":{"start":{"line":20,"column":5},"end":{"line":49,"column":1}},"line":20},"1":{"name":"(anonymous_1)","decl":{"start":{"line":29,"column":16},"end":{"line":29,"column":17}},"loc":{"start":{"line":29,"column":40},"end":{"line":45,"column":9}},"line":29},"2":{"name":"(anonymous_2)","decl":{"start":{"line":31,"column":23},"end":{"line":31,"column":24}},"loc":{"start":{"line":31,"column":35},"end":{"line":44,"column":13}},"line":31}},"branchMap":{"0":{"loc":{"start":{"line":37,"column":45},"end":{"line":39,"column":42}},"type":"cond-expr","locations":[{"start":{"line":38,"column":26},"end":{"line":38,"column":37}},{"start":{"line":39,"column":26},"end":{"line":39,"column":42}}],"line":37}},"s":{"0":1,"1":1,"2":1,"3":1,"4":0,"5":0,"6":0,"7":0,"8":0,"9":0,"10":0,"11":0,"12":0,"13":0},"f":{"0":0,"1":0,"2":0},"b":{"0":[0,0]},"_coverageSchema":"1a1c01bbd47fc00a2c39e90264f33305004495a9","hash":"6110ee2b31ae8a57cb3fb2be087912f55c3aadf7"}
,"/Users/nicolasmaldiney/fragmentsCleanFront/app/core-logic/use-cases/auth/onLogoutClicked.ts": {"path":"/Users/nicolasmaldiney/fragmentsCleanFront/app/core-logic/use-cases/auth/onLogoutClicked.ts","statementMap":{"0":{"start":{"line":4,"column":29},"end":{"line":4,"column":59}},"1":{"start":{"line":7,"column":4},"end":{"line":11,"column":1}},"2":{"start":{"line":8,"column":8},"end":{"line":11,"column":1}},"3":{"start":{"line":9,"column":12},"end":{"line":9,"column":39}},"4":{"start":{"line":10,"column":12},"end":{"line":10,"column":38}}},"fnMap":{"0":{"name":"(anonymous_0)","decl":{"start":{"line":7,"column":4},"end":{"line":7,"column":5}},"loc":{"start":{"line":8,"column":8},"end":{"line":11,"column":1}},"line":8},"1":{"name":"(anonymous_1)","decl":{"start":{"line":8,"column":8},"end":{"line":8,"column":9}},"loc":{"start":{"line":8,"column":53},"end":{"line":11,"column":1}},"line":8}},"branchMap":{},"s":{"0":1,"1":1,"2":0,"3":0,"4":0},"f":{"0":0,"1":0},"b":{},"_coverageSchema":"1a1c01bbd47fc00a2c39e90264f33305004495a9","hash":"b510d5b6f41c48d10c5eda5e10692be9edcd09d5"}
,"/Users/nicolasmaldiney/fragmentsCleanFront/app/core-logic/use-cases/auth/onTokenRefresh.ts": {"path":"/Users/nicolasmaldiney/fragmentsCleanFront/app/core-logic/use-cases/auth/onTokenRefresh.ts","statementMap":{"0":{"start":{"line":9,"column":31},"end":{"line":9,"column":112}},"1":{"start":{"line":12,"column":37},"end":{"line":49,"column":1}},"2":{"start":{"line":16,"column":27},"end":{"line":16,"column":53}},"3":{"start":{"line":17,"column":19},"end":{"line":17,"column":94}},"4":{"start":{"line":19,"column":54},"end":{"line":19,"column":58}},"5":{"start":{"line":21,"column":18},"end":{"line":21,"column":77}},"6":{"start":{"line":21,"column":26},"end":{"line":21,"column":75}},"7":{"start":{"line":21,"column":39},"end":{"line":21,"column":59}},"8":{"start":{"line":21,"column":60},"end":{"line":21,"column":73}},"9":{"start":{"line":23,"column":4},"end":{"line":41,"column":7}},"10":{"start":{"line":26,"column":12},"end":{"line":26,"column":20}},"11":{"start":{"line":27,"column":25},"end":{"line":27,"column":46}},"12":{"start":{"line":28,"column":48},"end":{"line":28,"column":81}},"13":{"start":{"line":29,"column":12},"end":{"line":29,"column":52}},"14":{"start":{"line":29,"column":45},"end":{"line":29,"column":52}},"15":{"start":{"line":30,"column":26},"end":{"line":30,"column":68}},"16":{"start":{"line":31,"column":12},"end":{"line":39,"column":22}},"17":{"start":{"line":32,"column":16},"end":{"line":38,"column":17}},"18":{"start":{"line":33,"column":55},"end":{"line":33,"column":87}},"19":{"start":{"line":35,"column":20},"end":{"line":35,"column":78}},"20":{"start":{"line":37,"column":20},"end":{"line":37,"column":63}},"21":{"start":{"line":43,"column":4},"end":{"line":46,"column":7}},"22":{"start":{"line":48,"column":4},"end":{"line":48,"column":26}}},"fnMap":{"0":{"name":"(anonymous_0)","decl":{"start":{"line":12,"column":37},"end":{"line":12,"column":38}},"loc":{"start":{"line":15,"column":6},"end":{"line":49,"column":1}},"line":15},"1":{"name":"(anonymous_1)","decl":{"start":{"line":21,"column":18},"end":{"line":21,"column":19}},"loc":{"start":{"line":21,"column":24},"end":{"line":21,"column":77}},"line":21},"2":{"name":"(anonymous_2)","decl":{"start":{"line":25,"column":16},"end":{"line":25,"column":17}},"loc":{"start":{"line":25,"column":39},"end":{"line":40,"column":9}},"line":25},"3":{"name":"(anonymous_3)","decl":{"start":{"line":31,"column":31},"end":{"line":31,"column":32}},"loc":{"start":{"line":31,"column":43},"end":{"line":39,"column":13}},"line":31}},"branchMap":{"0":{"loc":{"start":{"line":21,"column":26},"end":{"line":21,"column":75}},"type":"if","locations":[{"start":{"line":21,"column":26},"end":{"line":21,"column":75}},{"start":{},"end":{}}],"line":21},"1":{"loc":{"start":{"line":27,"column":25},"end":{"line":27,"column":46}},"type":"binary-expr","locations":[{"start":{"line":27,"column":25},"end":{"line":27,"column":36}},{"start":{"line":27,"column":40},"end":{"line":27,"column":46}}],"line":27},"2":{"loc":{"start":{"line":29,"column":12},"end":{"line":29,"column":52}},"type":"if","locations":[{"start":{"line":29,"column":12},"end":{"line":29,"column":52}},{"start":{},"end":{}}],"line":29},"3":{"loc":{"start":{"line":29,"column":16},"end":{"line":29,"column":43}},"type":"binary-expr","locations":[{"start":{"line":29,"column":16},"end":{"line":29,"column":26}},{"start":{"line":29,"column":30},"end":{"line":29,"column":43}}],"line":29}},"s":{"0":1,"1":1,"2":0,"3":0,"4":0,"5":0,"6":0,"7":0,"8":0,"9":0,"10":0,"11":0,"12":0,"13":0,"14":0,"15":0,"16":0,"17":0,"18":0,"19":0,"20":0,"21":0,"22":0},"f":{"0":0,"1":0,"2":0,"3":0},"b":{"0":[0,0],"1":[0,0],"2":[0,0],"3":[0,0]},"_coverageSchema":"1a1c01bbd47fc00a2c39e90264f33305004495a9","hash":"345dffa2e933d94030453595d9ae421aa81055c3"}
,"/Users/nicolasmaldiney/fragmentsCleanFront/app/core-logic/use-cases/auth/oAuthFlow/onOAuthFlow.ts": {"path":"/Users/nicolasmaldiney/fragmentsCleanFront/app/core-logic/use-cases/auth/oAuthFlow/onOAuthFlow.ts","statementMap":{"0":{"start":{"line":4,"column":39},"end":{"line":4,"column":78}},"1":{"start":{"line":7,"column":4},"end":{"line":10,"column":5}},"2":{"start":{"line":8,"column":4},"end":{"line":10,"column":5}},"3":{"start":{"line":9,"column":8},"end":{"line":9,"column":44}}},"fnMap":{"0":{"name":"(anonymous_0)","decl":{"start":{"line":7,"column":4},"end":{"line":7,"column":5}},"loc":{"start":{"line":8,"column":4},"end":{"line":10,"column":5}},"line":8},"1":{"name":"(anonymous_1)","decl":{"start":{"line":8,"column":4},"end":{"line":8,"column":5}},"loc":{"start":{"line":8,"column":49},"end":{"line":10,"column":5}},"line":8}},"branchMap":{},"s":{"0":1,"1":1,"2":1,"3":1},"f":{"0":1,"1":1},"b":{},"_coverageSchema":"1a1c01bbd47fc00a2c39e90264f33305004495a9","hash":"4fff1d77f0a585c73ede21a8f5caaad11e5c4e49"}
,"/Users/nicolasmaldiney/fragmentsCleanFront/app/core-logic/use-cases/coffee/retrieveCoffee.ts": {"path":"/Users/nicolasmaldiney/fragmentsCleanFront/app/core-logic/use-cases/coffee/retrieveCoffee.ts","statementMap":{"0":{"start":{"line":5,"column":31},"end":{"line":5,"column":73}},"1":{"start":{"line":8,"column":4},"end":{"line":12,"column":9}},"2":{"start":{"line":9,"column":8},"end":{"line":12,"column":9}},"3":{"start":{"line":10,"column":27},"end":{"line":10,"column":63}},"4":{"start":{"line":11,"column":12},"end":{"line":11,"column":46}}},"fnMap":{"0":{"name":"(anonymous_0)","decl":{"start":{"line":8,"column":4},"end":{"line":8,"column":5}},"loc":{"start":{"line":9,"column":8},"end":{"line":12,"column":9}},"line":9},"1":{"name":"(anonymous_1)","decl":{"start":{"line":9,"column":8},"end":{"line":9,"column":9}},"loc":{"start":{"line":9,"column":50},"end":{"line":12,"column":9}},"line":9}},"branchMap":{},"s":{"0":1,"1":1,"2":0,"3":0,"4":0},"f":{"0":0,"1":0},"b":{},"_coverageSchema":"1a1c01bbd47fc00a2c39e90264f33305004495a9","hash":"343df1933cb143e0d55d3ef153fa9c252dfbffea"}
,"/Users/nicolasmaldiney/fragmentsCleanFront/app/core-logic/use-cases/socials/comment/createComment.ts": {"path":"/Users/nicolasmaldiney/fragmentsCleanFront/app/core-logic/use-cases/socials/comment/createComment.ts","statementMap":{"0":{"start":{"line":6,"column":30},"end":{"line":6,"column":70}},"1":{"start":{"line":9,"column":4},"end":{"line":21,"column":9}},"2":{"start":{"line":10,"column":8},"end":{"line":21,"column":9}},"3":{"start":{"line":12,"column":12},"end":{"line":14,"column":13}},"4":{"start":{"line":13,"column":16},"end":{"line":13,"column":23}},"5":{"start":{"line":17,"column":12},"end":{"line":17,"column":73}},"6":{"start":{"line":18,"column":37},"end":{"line":18,"column":67}},"7":{"start":{"line":19,"column":12},"end":{"line":19,"column":49}}},"fnMap":{"0":{"name":"(anonymous_0)","decl":{"start":{"line":9,"column":4},"end":{"line":9,"column":5}},"loc":{"start":{"line":10,"column":8},"end":{"line":21,"column":9}},"line":10},"1":{"name":"(anonymous_1)","decl":{"start":{"line":10,"column":8},"end":{"line":10,"column":9}},"loc":{"start":{"line":10,"column":49},"end":{"line":21,"column":9}},"line":10}},"branchMap":{"0":{"loc":{"start":{"line":12,"column":12},"end":{"line":14,"column":13}},"type":"if","locations":[{"start":{"line":12,"column":12},"end":{"line":14,"column":13}},{"start":{},"end":{}}],"line":12}},"s":{"0":1,"1":1,"2":0,"3":0,"4":0,"5":0,"6":0,"7":0},"f":{"0":0,"1":0},"b":{"0":[0,0]},"_coverageSchema":"1a1c01bbd47fc00a2c39e90264f33305004495a9","hash":"cfe6430664c6b2912e558665169640126898de5a"}
,"/Users/nicolasmaldiney/fragmentsCleanFront/app/core-logic/use-cases/socials/comment/deleteComment.ts": {"path":"/Users/nicolasmaldiney/fragmentsCleanFront/app/core-logic/use-cases/socials/comment/deleteComment.ts","statementMap":{"0":{"start":{"line":5,"column":30},"end":{"line":5,"column":69}},"1":{"start":{"line":8,"column":4},"end":{"line":12,"column":9}},"2":{"start":{"line":9,"column":8},"end":{"line":12,"column":9}},"3":{"start":{"line":10,"column":16},"end":{"line":10,"column":62}},"4":{"start":{"line":11,"column":16},"end":{"line":11,"column":52}}},"fnMap":{"0":{"name":"(anonymous_0)","decl":{"start":{"line":8,"column":4},"end":{"line":8,"column":5}},"loc":{"start":{"line":9,"column":8},"end":{"line":12,"column":9}},"line":9},"1":{"name":"(anonymous_1)","decl":{"start":{"line":9,"column":8},"end":{"line":9,"column":9}},"loc":{"start":{"line":9,"column":51},"end":{"line":12,"column":9}},"line":9}},"branchMap":{},"s":{"0":1,"1":1,"2":0,"3":0,"4":0},"f":{"0":0,"1":0},"b":{},"_coverageSchema":"1a1c01bbd47fc00a2c39e90264f33305004495a9","hash":"a38581f4e81fdf36b749ebdef0ba186ee4649e7a"}
,"/Users/nicolasmaldiney/fragmentsCleanFront/app/core-logic/use-cases/socials/comment/retrieveComment.ts": {"path":"/Users/nicolasmaldiney/fragmentsCleanFront/app/core-logic/use-cases/socials/comment/retrieveComment.ts","statementMap":{"0":{"start":{"line":5,"column":32},"end":{"line":5,"column":76}},"1":{"start":{"line":8,"column":4},"end":{"line":12,"column":9}},"2":{"start":{"line":9,"column":8},"end":{"line":12,"column":9}},"3":{"start":{"line":10,"column":28},"end":{"line":10,"column":66}},"4":{"start":{"line":11,"column":12},"end":{"line":11,"column":48}}},"fnMap":{"0":{"name":"(anonymous_0)","decl":{"start":{"line":8,"column":4},"end":{"line":8,"column":5}},"loc":{"start":{"line":9,"column":8},"end":{"line":12,"column":9}},"line":9},"1":{"name":"(anonymous_1)","decl":{"start":{"line":9,"column":8},"end":{"line":9,"column":9}},"loc":{"start":{"line":9,"column":51},"end":{"line":12,"column":9}},"line":9}},"branchMap":{},"s":{"0":1,"1":1,"2":0,"3":0,"4":0},"f":{"0":0,"1":0},"b":{},"_coverageSchema":"1a1c01bbd47fc00a2c39e90264f33305004495a9","hash":"5e77cc953a4f7bae8c7a44562951734b48c5c43f"}
,"/Users/nicolasmaldiney/fragmentsCleanFront/app/core-logic/use-cases/socials/comment/updateComment.ts": {"path":"/Users/nicolasmaldiney/fragmentsCleanFront/app/core-logic/use-cases/socials/comment/updateComment.ts","statementMap":{"0":{"start":{"line":5,"column":30},"end":{"line":5,"column":70}},"1":{"start":{"line":8,"column":4},"end":{"line":16,"column":5}},"2":{"start":{"line":9,"column":4},"end":{"line":16,"column":5}},"3":{"start":{"line":13,"column":8},"end":{"line":13,"column":74}},"4":{"start":{"line":14,"column":39},"end":{"line":14,"column":72}},"5":{"start":{"line":15,"column":8},"end":{"line":15,"column":49}}},"fnMap":{"0":{"name":"(anonymous_0)","decl":{"start":{"line":8,"column":4},"end":{"line":8,"column":5}},"loc":{"start":{"line":9,"column":4},"end":{"line":16,"column":5}},"line":9},"1":{"name":"(anonymous_1)","decl":{"start":{"line":9,"column":4},"end":{"line":9,"column":5}},"loc":{"start":{"line":9,"column":46},"end":{"line":16,"column":5}},"line":9}},"branchMap":{},"s":{"0":1,"1":1,"2":0,"3":0,"4":0,"5":0},"f":{"0":0,"1":0},"b":{},"_coverageSchema":"1a1c01bbd47fc00a2c39e90264f33305004495a9","hash":"0b078c9da316bdd83ca415d74361614b0f1ccbc8"}
,"/Users/nicolasmaldiney/fragmentsCleanFront/app/core-logic/use-cases/socials/like/likeCoffee.ts": {"path":"/Users/nicolasmaldiney/fragmentsCleanFront/app/core-logic/use-cases/socials/like/likeCoffee.ts","statementMap":{"0":{"start":{"line":5,"column":27},"end":{"line":5,"column":61}},"1":{"start":{"line":8,"column":4},"end":{"line":14,"column":1}},"2":{"start":{"line":9,"column":8},"end":{"line":14,"column":1}},"3":{"start":{"line":12,"column":12},"end":{"line":12,"column":53}},"4":{"start":{"line":13,"column":12},"end":{"line":13,"column":58}}},"fnMap":{"0":{"name":"(anonymous_0)","decl":{"start":{"line":8,"column":4},"end":{"line":8,"column":5}},"loc":{"start":{"line":9,"column":8},"end":{"line":14,"column":1}},"line":9},"1":{"name":"(anonymous_1)","decl":{"start":{"line":9,"column":8},"end":{"line":9,"column":9}},"loc":{"start":{"line":9,"column":53},"end":{"line":14,"column":1}},"line":9}},"branchMap":{},"s":{"0":1,"1":1,"2":0,"3":0,"4":0},"f":{"0":0,"1":0},"b":{},"_coverageSchema":"1a1c01bbd47fc00a2c39e90264f33305004495a9","hash":"94feaae5034c9257da314f0a53956af229528512"}
,"/Users/nicolasmaldiney/fragmentsCleanFront/app/core-logic/use-cases/socials/like/retrieveLike.ts": {"path":"/Users/nicolasmaldiney/fragmentsCleanFront/app/core-logic/use-cases/socials/like/retrieveLike.ts","statementMap":{"0":{"start":{"line":5,"column":29},"end":{"line":5,"column":67}},"1":{"start":{"line":8,"column":4},"end":{"line":12,"column":5}},"2":{"start":{"line":9,"column":4},"end":{"line":12,"column":5}},"3":{"start":{"line":10,"column":21},"end":{"line":10,"column":53}},"4":{"start":{"line":11,"column":8},"end":{"line":11,"column":38}}},"fnMap":{"0":{"name":"(anonymous_0)","decl":{"start":{"line":8,"column":4},"end":{"line":8,"column":5}},"loc":{"start":{"line":9,"column":4},"end":{"line":12,"column":5}},"line":9},"1":{"name":"(anonymous_1)","decl":{"start":{"line":9,"column":4},"end":{"line":9,"column":5}},"loc":{"start":{"line":9,"column":49},"end":{"line":12,"column":5}},"line":9}},"branchMap":{},"s":{"0":1,"1":1,"2":0,"3":0,"4":0},"f":{"0":0,"1":0},"b":{},"_coverageSchema":"1a1c01bbd47fc00a2c39e90264f33305004495a9","hash":"48bf7d89d77bda81a1c6f3d97dbe900dd7241516"}
,"/Users/nicolasmaldiney/fragmentsCleanFront/app/core-logic/use-cases/socials/like/unlikeCoffee.ts": {"path":"/Users/nicolasmaldiney/fragmentsCleanFront/app/core-logic/use-cases/socials/like/unlikeCoffee.ts","statementMap":{"0":{"start":{"line":5,"column":29},"end":{"line":5,"column":67}},"1":{"start":{"line":8,"column":4},"end":{"line":12,"column":1}},"2":{"start":{"line":9,"column":0},"end":{"line":12,"column":1}},"3":{"start":{"line":10,"column":4},"end":{"line":10,"column":57}},"4":{"start":{"line":11,"column":4},"end":{"line":11,"column":37}}},"fnMap":{"0":{"name":"(anonymous_0)","decl":{"start":{"line":8,"column":4},"end":{"line":8,"column":5}},"loc":{"start":{"line":9,"column":0},"end":{"line":12,"column":1}},"line":9},"1":{"name":"(anonymous_1)","decl":{"start":{"line":9,"column":0},"end":{"line":9,"column":1}},"loc":{"start":{"line":9,"column":40},"end":{"line":12,"column":1}},"line":9}},"branchMap":{},"s":{"0":1,"1":1,"2":0,"3":0,"4":0},"f":{"0":0,"1":0},"b":{},"_coverageSchema":"1a1c01bbd47fc00a2c39e90264f33305004495a9","hash":"5d12154810efbea1aa3b8738ca6d353d98f53666"}
,"/Users/nicolasmaldiney/fragmentsCleanFront/app/core-logic/use-cases/ticket/onTicketSubmitedFlow.ts": {"path":"/Users/nicolasmaldiney/fragmentsCleanFront/app/core-logic/use-cases/ticket/onTicketSubmitedFlow.ts","statementMap":{"0":{"start":{"line":5,"column":34},"end":{"line":5,"column":148}},"1":{"start":{"line":6,"column":34},"end":{"line":6,"column":107}},"2":{"start":{"line":7,"column":34},"end":{"line":7,"column":113}},"3":{"start":{"line":8,"column":34},"end":{"line":8,"column":108}},"4":{"start":{"line":9,"column":34},"end":{"line":9,"column":210}},"5":{"start":{"line":10,"column":31},"end":{"line":10,"column":91}},"6":{"start":{"line":14,"column":4},"end":{"line":40,"column":9}},"7":{"start":{"line":15,"column":8},"end":{"line":40,"column":9}},"8":{"start":{"line":17,"column":16},"end":{"line":18,"column":70}},"9":{"start":{"line":19,"column":24},"end":{"line":19,"column":34}},"10":{"start":{"line":22,"column":12},"end":{"line":36,"column":13}},"11":{"start":{"line":23,"column":37},"end":{"line":23,"column":66}},"12":{"start":{"line":24,"column":46},"end":{"line":24,"column":96}},"13":{"start":{"line":25,"column":16},"end":{"line":31,"column":19}},"14":{"start":{"line":32,"column":16},"end":{"line":32,"column":99}},"15":{"start":{"line":34,"column":16},"end":{"line":34,"column":86}},"16":{"start":{"line":35,"column":16},"end":{"line":35,"column":23}},"17":{"start":{"line":39,"column":12},"end":{"line":39,"column":56}},"18":{"start":{"line":42,"column":29},"end":{"line":62,"column":5}},"19":{"start":{"line":43,"column":4},"end":{"line":62,"column":5}},"20":{"start":{"line":45,"column":29},"end":{"line":45,"column":31}},"21":{"start":{"line":46,"column":8},"end":{"line":61,"column":9}},"22":{"start":{"line":47,"column":12},"end":{"line":47,"column":52}},"23":{"start":{"line":48,"column":25},"end":{"line":48,"column":61}},"24":{"start":{"line":49,"column":12},"end":{"line":52,"column":13}},"25":{"start":{"line":50,"column":16},"end":{"line":50,"column":77}},"26":{"start":{"line":51,"column":16},"end":{"line":51,"column":23}},"27":{"start":{"line":53,"column":12},"end":{"line":53,"column":76}},"28":{"start":{"line":54,"column":33},"end":{"line":56,"column":13}},"29":{"start":{"line":55,"column":16},"end":{"line":55,"column":61}},"30":{"start":{"line":57,"column":12},"end":{"line":57,"column":84}},"31":{"start":{"line":58,"column":12},"end":{"line":58,"column":62}},"32":{"start":{"line":60,"column":12},"end":{"line":60,"column":73}}},"fnMap":{"0":{"name":"(anonymous_0)","decl":{"start":{"line":14,"column":4},"end":{"line":14,"column":5}},"loc":{"start":{"line":15,"column":8},"end":{"line":40,"column":9}},"line":15},"1":{"name":"(anonymous_1)","decl":{"start":{"line":15,"column":8},"end":{"line":15,"column":9}},"loc":{"start":{"line":15,"column":84},"end":{"line":40,"column":9}},"line":15},"2":{"name":"(anonymous_2)","decl":{"start":{"line":42,"column":29},"end":{"line":42,"column":30}},"loc":{"start":{"line":43,"column":4},"end":{"line":62,"column":5}},"line":43},"3":{"name":"(anonymous_3)","decl":{"start":{"line":43,"column":4},"end":{"line":43,"column":5}},"loc":{"start":{"line":43,"column":66},"end":{"line":62,"column":5}},"line":43},"4":{"name":"(anonymous_4)","decl":{"start":{"line":54,"column":77},"end":{"line":54,"column":78}},"loc":{"start":{"line":55,"column":16},"end":{"line":55,"column":61}},"line":55}},"branchMap":{"0":{"loc":{"start":{"line":17,"column":16},"end":{"line":18,"column":70}},"type":"binary-expr","locations":[{"start":{"line":17,"column":16},"end":{"line":17,"column":49}},{"start":{"line":18,"column":16},"end":{"line":18,"column":70}}],"line":17},"1":{"loc":{"start":{"line":49,"column":12},"end":{"line":52,"column":13}},"type":"if","locations":[{"start":{"line":49,"column":12},"end":{"line":52,"column":13}},{"start":{},"end":{}}],"line":49}},"s":{"0":1,"1":1,"2":1,"3":1,"4":1,"5":1,"6":1,"7":0,"8":0,"9":0,"10":0,"11":0,"12":0,"13":0,"14":0,"15":0,"16":0,"17":0,"18":1,"19":0,"20":0,"21":0,"22":0,"23":0,"24":0,"25":0,"26":0,"27":0,"28":0,"29":0,"30":0,"31":0,"32":0},"f":{"0":0,"1":0,"2":0,"3":0,"4":0},"b":{"0":[0,0],"1":[0,0]},"_coverageSchema":"1a1c01bbd47fc00a2c39e90264f33305004495a9","hash":"568f4b8e5452585126f521944dd8b00bef7b53ea"}
,"/Users/nicolasmaldiney/fragmentsCleanFront/app/store/reduxStore.ts": {"path":"/Users/nicolasmaldiney/fragmentsCleanFront/app/store/reduxStore.ts","statementMap":{"0":{"start":{"line":19,"column":30},"end":{"line":46,"column":1}},"1":{"start":{"line":24,"column":4},"end":{"line":45,"column":7}},"2":{"start":{"line":34,"column":31},"end":{"line":39,"column":14}},"3":{"start":{"line":40,"column":12},"end":{"line":42,"column":29}}},"fnMap":{"0":{"name":"(anonymous_0)","decl":{"start":{"line":19,"column":30},"end":{"line":19,"column":31}},"loc":{"start":{"line":23,"column":6},"end":{"line":46,"column":1}},"line":23},"1":{"name":"(anonymous_1)","decl":{"start":{"line":33,"column":20},"end":{"line":33,"column":21}},"loc":{"start":{"line":33,"column":46},"end":{"line":43,"column":9}},"line":33}},"branchMap":{"0":{"loc":{"start":{"line":40,"column":19},"end":{"line":42,"column":28}},"type":"cond-expr","locations":[{"start":{"line":41,"column":18},"end":{"line":41,"column":57}},{"start":{"line":42,"column":18},"end":{"line":42,"column":28}}],"line":40}},"s":{"0":1,"1":1,"2":1,"3":1},"f":{"0":1,"1":1},"b":{"0":[0,1]},"_coverageSchema":"1a1c01bbd47fc00a2c39e90264f33305004495a9","hash":"18136aa07b374257784dbe09df07c46e32eb3bed"}
}
